#
# A fatal error has been detected by the Java Runtime Environment:
#
#  SIGBUS (0xa) at pc=0x00000001047d62c4, pid=93350, tid=37379
#
# JRE version: OpenJDK Runtime Environment Zulu15.38+17-CA (15.0.6+5) (build 15.0.6+5-MTS)
# Java VM: OpenJDK 64-Bit Server VM Zulu15.38+17-CA (15.0.6+5-MTS, mixed mode, tiered, compressed oops, g1 gc, bsd-aarch64)
# Problematic frame:
# V  [libjvm.dylib+0x88a2c4]  _ZN21MarkActivationClosure12do_code_blobEP8CodeBlob+0x3c
#
# No core dump will be written. Core dumps have been disabled. To enable core dumping, try "ulimit -c unlimited" before starting Java again
#
# If you would like to submit a bug report, please visit:
#   http://www.azul.com/support/
#

---------------  S U M M A R Y ------------

Command Line: -agentlib:jdwp=transport=dt_socket,address=127.0.0.1:57892,suspend=y,server=n -javaagent:/Users/agostinho/Library/Caches/JetBrains/IdeaIE2021.3/captureAgent/debugger-agent.jar -Dfile.encoding=UTF-8 br.com.desafioDock.DesafioDockApplication

Host: MacBookPro17,1 arm64 1 MHz, 8 cores, 8G, Darwin 21.4.0
Time: Mon May 16 20:21:12 2022 -03 elapsed time: 3.459912 seconds (0d 0h 0m 3s)

---------------  T H R E A D  ---------------

Current thread (0x000000014e192600):  JavaThread "restartedMain" [_thread_in_vm, id=37379, stack(0x0000000290210000,0x0000000290413000)]

Stack: [0x0000000290210000,0x0000000290413000],  sp=0x00000002904105a0,  free space=2049k
Native frames: (J=compiled Java code, A=aot compiled Java code, j=interpreted, Vv=VM code, C=native code)
V  [libjvm.dylib+0x88a2c4]  _ZN21MarkActivationClosure12do_code_blobEP8CodeBlob+0x3c
V  [libjvm.dylib+0x8c5b08]  _ZN10JavaThread11nmethods_doEP15CodeBlobClosure+0x80
V  [libjvm.dylib+0x388c6c]  _ZN14HandshakeState18process_self_innerEv+0x170
V  [libjvm.dylib+0x79dc0c]  _ZN18SafepointMechanism23block_if_requested_slowEP10JavaThread+0x74
V  [libjvm.dylib+0x591594]  _ZN8JvmtiEnv21GetThreadLocalStorageEP8_jobjectPPv+0x254
C  [libjdwp.dylib+0x21050]  findThread+0x84
C  [libjdwp.dylib+0x229a0]  threadControl_onEventHandlerExit+0x60
C  [libjdwp.dylib+0x18074]  event_callback+0x464
C  [libjdwp.dylib+0x15918]  cbClassPrepare+0xc0
V  [libjvm.dylib+0x5a3c98]  _ZN11JvmtiExport18post_class_prepareEP10JavaThreadP5Klass+0x2c8
V  [libjvm.dylib+0x3c0f08]  _ZN13InstanceKlass15link_class_implEP6Thread+0x3c8
V  [libjvm.dylib+0x485424]  _ZL33get_class_declared_methods_helperP7JNIEnv_P7_jclasshbP5KlassP6Thread+0x110
V  [libjvm.dylib+0x485a60]  JVM_GetClassDeclaredConstructors+0xdc
J 1939  java.lang.Class.getDeclaredConstructors0(Z)[Ljava/lang/reflect/Constructor; java.base@15.0.6 (0 bytes) @ 0x0000000113edaebc [0x0000000113edae40+0x000000000000007c]
j  java.lang.Class.getDeclaredConstructors()[Ljava/lang/reflect/Constructor;+20 java.base@15.0.6
j  org.springframework.boot.util.Instantiator.instantiate(Ljava/lang/Class;)Ljava/lang/Object;+1
j  org.springframework.boot.util.Instantiator.instantiate(Lorg/springframework/boot/util/Instantiator$TypeSupplier;)Ljava/lang/Object;+17
j  org.springframework.boot.util.Instantiator$$Lambda$113+0x0000000300182b60.apply(Ljava/lang/Object;)Ljava/lang/Object;+8
J 1996 c1 java.util.stream.ReferencePipeline$3$1.accept(Ljava/lang/Object;)V java.base@15.0.6 (23 bytes) @ 0x000000010ccbf620 [0x000000010ccbf4c0+0x0000000000000160]
J 1996 c1 java.util.stream.ReferencePipeline$3$1.accept(Ljava/lang/Object;)V java.base@15.0.6 (23 bytes) @ 0x000000010ccbf6e0 [0x000000010ccbf4c0+0x0000000000000220]
j  java.util.ArrayList$ArrayListSpliterator.forEachRemaining(Ljava/util/function/Consumer;)V+95 java.base@15.0.6
J 2346 c1 java.util.stream.AbstractPipeline.copyInto(Ljava/util/stream/Sink;Ljava/util/Spliterator;)V java.base@15.0.6 (54 bytes) @ 0x000000010cd78920 [0x000000010cd78500+0x0000000000000420]
J 2345 c1 java.util.stream.AbstractPipeline.wrapAndCopyInto(Ljava/util/stream/Sink;Ljava/util/Spliterator;)Ljava/util/stream/Sink; java.base@15.0.6 (18 bytes) @ 0x000000010cd77edc [0x000000010cd77c80+0x000000000000025c]
J 2513 c1 java.util.stream.ReduceOps$ReduceOp.evaluateSequential(Ljava/util/stream/PipelineHelper;Ljava/util/Spliterator;)Ljava/lang/Object; java.base@15.0.6 (18 bytes) @ 0x000000010cdf9f8c [0x000000010cdf9d80+0x000000000000020c]
J 2347 c1 java.util.stream.AbstractPipeline.evaluate(Ljava/util/stream/TerminalOp;)Ljava/lang/Object; java.base@15.0.6 (94 bytes) @ 0x000000010cd796bc [0x000000010cd79200+0x00000000000004bc]
J 2382 c1 java.util.stream.ReferencePipeline.collect(Ljava/util/stream/Collector;)Ljava/lang/Object; java.base@15.0.6 (124 bytes) @ 0x000000010cd8e4dc [0x000000010cd8dfc0+0x000000000000051c]
j  org.springframework.boot.util.Instantiator.instantiate(Ljava/util/stream/Stream;)Ljava/util/List;+15
j  org.springframework.boot.util.Instantiator.instantiate(Ljava/lang/ClassLoader;Ljava/util/Collection;)Ljava/util/List;+24
j  org.springframework.boot.sql.init.dependency.DatabaseInitializationDependencyConfigurer$DependsOnDatabaseInitializationPostProcessor.getDetectors(Lorg/springframework/beans/factory/config/ConfigurableListableBeanFactory;Ljava/lang/Class;)Ljava/util/List;+36
j  org.springframework.boot.sql.init.dependency.DatabaseInitializationDependencyConfigurer$DependsOnDatabaseInitializationPostProcessor.detectDependsOnInitializationBeanNames(Lorg/springframework/beans/factory/config/ConfigurableListableBeanFactory;)Ljava/util/Collection;+4
j  org.springframework.boot.sql.init.dependency.DatabaseInitializationDependencyConfigurer$DependsOnDatabaseInitializationPostProcessor.postProcessBeanFactory(Lorg/springframework/beans/factory/config/ConfigurableListableBeanFactory;)V+118
j  org.springframework.context.support.PostProcessorRegistrationDelegate.invokeBeanFactoryPostProcessors(Ljava/util/Collection;Lorg/springframework/beans/factory/config/ConfigurableListableBeanFactory;)V+61
j  org.springframework.context.support.PostProcessorRegistrationDelegate.invokeBeanFactoryPostProcessors(Lorg/springframework/beans/factory/config/ConfigurableListableBeanFactory;Ljava/util/List;)V+771
j  org.springframework.context.support.AbstractApplicationContext.invokeBeanFactoryPostProcessors(Lorg/springframework/beans/factory/config/ConfigurableListableBeanFactory;)V+5
j  org.springframework.context.support.AbstractApplicationContext.refresh()V+53
j  org.springframework.boot.web.servlet.context.ServletWebServerApplicationContext.refresh()V+1
j  org.springframework.boot.SpringApplication.refresh(Lorg/springframework/context/ConfigurableApplicationContext;)V+1
j  org.springframework.boot.SpringApplication.refreshContext(Lorg/springframework/context/ConfigurableApplicationContext;)V+16
j  org.springframework.boot.SpringApplication.run([Ljava/lang/String;)Lorg/springframework/context/ConfigurableApplicationContext;+107
j  org.springframework.boot.SpringApplication.run([Ljava/lang/Class;[Ljava/lang/String;)Lorg/springframework/context/ConfigurableApplicationContext;+9
j  org.springframework.boot.SpringApplication.run(Ljava/lang/Class;[Ljava/lang/String;)Lorg/springframework/context/ConfigurableApplicationContext;+9
j  br.com.desafioDock.DesafioDockApplication.main([Ljava/lang/String;)V+3
v  ~StubRoutines::call_stub
V  [libjvm.dylib+0x3df5e4]  _ZN9JavaCalls11call_helperEP9JavaValueRK12methodHandleP17JavaCallArgumentsP6Thread+0x324
V  [libjvm.dylib+0x7821e8]  _ZL6invokeP13InstanceKlassRK12methodHandle6Handleb14objArrayHandle9BasicTypeS5_bP6Thread+0x724
V  [libjvm.dylib+0x781a4c]  _ZN10Reflection13invoke_methodEP7oopDesc6Handle14objArrayHandleP6Thread+0x134
V  [libjvm.dylib+0x492184]  JVM_InvokeMethod+0x364
j  jdk.internal.reflect.NativeMethodAccessorImpl.invoke0(Ljava/lang/reflect/Method;Ljava/lang/Object;[Ljava/lang/Object;)Ljava/lang/Object;+0 java.base@15.0.6
j  jdk.internal.reflect.NativeMethodAccessorImpl.invoke(Ljava/lang/Object;[Ljava/lang/Object;)Ljava/lang/Object;+113 java.base@15.0.6
j  jdk.internal.reflect.DelegatingMethodAccessorImpl.invoke(Ljava/lang/Object;[Ljava/lang/Object;)Ljava/lang/Object;+6 java.base@15.0.6
j  java.lang.reflect.Method.invoke(Ljava/lang/Object;[Ljava/lang/Object;)Ljava/lang/Object;+59 java.base@15.0.6
j  org.springframework.boot.devtools.restart.RestartLauncher.run()V+42
v  ~StubRoutines::call_stub
V  [libjvm.dylib+0x3df5e4]  _ZN9JavaCalls11call_helperEP9JavaValueRK12methodHandleP17JavaCallArgumentsP6Thread+0x324
V  [libjvm.dylib+0x3de6bc]  _ZN9JavaCalls12call_virtualEP9JavaValueP5KlassP6SymbolS5_P17JavaCallArgumentsP6Thread+0xf8
V  [libjvm.dylib+0x3de784]  _ZN9JavaCalls12call_virtualEP9JavaValue6HandleP5KlassP6SymbolS6_P6Thread+0x64
V  [libjvm.dylib+0x48deb4]  _ZL12thread_entryP10JavaThreadP6Thread+0xbc
V  [libjvm.dylib+0x8c3880]  _ZN10JavaThread17thread_main_innerEv+0xa0
V  [libjvm.dylib+0x8c0d7c]  _ZN6Thread8call_runEv+0x88
V  [libjvm.dylib+0x710d84]  _ZL19thread_native_entryP6Thread+0x1d0
C  [libsystem_pthread.dylib+0x726c]  _pthread_start+0x94

Java frames: (J=compiled Java code, j=interpreted, Vv=VM code)
J 1939  java.lang.Class.getDeclaredConstructors0(Z)[Ljava/lang/reflect/Constructor; java.base@15.0.6 (0 bytes) @ 0x0000000113edaec0 [0x0000000113edae40+0x0000000000000080]
J 1849 c1 java.lang.Class.privateGetDeclaredConstructors(Z)[Ljava/lang/reflect/Constructor; java.base@15.0.6 (79 bytes) @ 0x000000010cc7fe04 [0x000000010cc7fb40+0x00000000000002c4]
j  java.lang.Class.getDeclaredConstructors()[Ljava/lang/reflect/Constructor;+20 java.base@15.0.6
j  org.springframework.boot.util.Instantiator.instantiate(Ljava/lang/Class;)Ljava/lang/Object;+1
j  org.springframework.boot.util.Instantiator.instantiate(Lorg/springframework/boot/util/Instantiator$TypeSupplier;)Ljava/lang/Object;+17
j  org.springframework.boot.util.Instantiator$$Lambda$113+0x0000000300182b60.apply(Ljava/lang/Object;)Ljava/lang/Object;+8
J 1996 c1 java.util.stream.ReferencePipeline$3$1.accept(Ljava/lang/Object;)V java.base@15.0.6 (23 bytes) @ 0x000000010ccbf620 [0x000000010ccbf4c0+0x0000000000000160]
J 1996 c1 java.util.stream.ReferencePipeline$3$1.accept(Ljava/lang/Object;)V java.base@15.0.6 (23 bytes) @ 0x000000010ccbf6e0 [0x000000010ccbf4c0+0x0000000000000220]
j  java.util.ArrayList$ArrayListSpliterator.forEachRemaining(Ljava/util/function/Consumer;)V+95 java.base@15.0.6
J 2346 c1 java.util.stream.AbstractPipeline.copyInto(Ljava/util/stream/Sink;Ljava/util/Spliterator;)V java.base@15.0.6 (54 bytes) @ 0x000000010cd78920 [0x000000010cd78500+0x0000000000000420]
J 2345 c1 java.util.stream.AbstractPipeline.wrapAndCopyInto(Ljava/util/stream/Sink;Ljava/util/Spliterator;)Ljava/util/stream/Sink; java.base@15.0.6 (18 bytes) @ 0x000000010cd77edc [0x000000010cd77c80+0x000000000000025c]
J 2513 c1 java.util.stream.ReduceOps$ReduceOp.evaluateSequential(Ljava/util/stream/PipelineHelper;Ljava/util/Spliterator;)Ljava/lang/Object; java.base@15.0.6 (18 bytes) @ 0x000000010cdf9f8c [0x000000010cdf9d80+0x000000000000020c]
J 2347 c1 java.util.stream.AbstractPipeline.evaluate(Ljava/util/stream/TerminalOp;)Ljava/lang/Object; java.base@15.0.6 (94 bytes) @ 0x000000010cd796bc [0x000000010cd79200+0x00000000000004bc]
J 2382 c1 java.util.stream.ReferencePipeline.collect(Ljava/util/stream/Collector;)Ljava/lang/Object; java.base@15.0.6 (124 bytes) @ 0x000000010cd8e4dc [0x000000010cd8dfc0+0x000000000000051c]
j  org.springframework.boot.util.Instantiator.instantiate(Ljava/util/stream/Stream;)Ljava/util/List;+15
j  org.springframework.boot.util.Instantiator.instantiate(Ljava/lang/ClassLoader;Ljava/util/Collection;)Ljava/util/List;+24
j  org.springframework.boot.sql.init.dependency.DatabaseInitializationDependencyConfigurer$DependsOnDatabaseInitializationPostProcessor.getDetectors(Lorg/springframework/beans/factory/config/ConfigurableListableBeanFactory;Ljava/lang/Class;)Ljava/util/List;+36
j  org.springframework.boot.sql.init.dependency.DatabaseInitializationDependencyConfigurer$DependsOnDatabaseInitializationPostProcessor.detectDependsOnInitializationBeanNames(Lorg/springframework/beans/factory/config/ConfigurableListableBeanFactory;)Ljava/util/Collection;+4
j  org.springframework.boot.sql.init.dependency.DatabaseInitializationDependencyConfigurer$DependsOnDatabaseInitializationPostProcessor.postProcessBeanFactory(Lorg/springframework/beans/factory/config/ConfigurableListableBeanFactory;)V+118
j  org.springframework.context.support.PostProcessorRegistrationDelegate.invokeBeanFactoryPostProcessors(Ljava/util/Collection;Lorg/springframework/beans/factory/config/ConfigurableListableBeanFactory;)V+61
j  org.springframework.context.support.PostProcessorRegistrationDelegate.invokeBeanFactoryPostProcessors(Lorg/springframework/beans/factory/config/ConfigurableListableBeanFactory;Ljava/util/List;)V+771
j  org.springframework.context.support.AbstractApplicationContext.invokeBeanFactoryPostProcessors(Lorg/springframework/beans/factory/config/ConfigurableListableBeanFactory;)V+5
j  org.springframework.context.support.AbstractApplicationContext.refresh()V+53
j  org.springframework.boot.web.servlet.context.ServletWebServerApplicationContext.refresh()V+1
j  org.springframework.boot.SpringApplication.refresh(Lorg/springframework/context/ConfigurableApplicationContext;)V+1
j  org.springframework.boot.SpringApplication.refreshContext(Lorg/springframework/context/ConfigurableApplicationContext;)V+16
j  org.springframework.boot.SpringApplication.run([Ljava/lang/String;)Lorg/springframework/context/ConfigurableApplicationContext;+107
j  org.springframework.boot.SpringApplication.run([Ljava/lang/Class;[Ljava/lang/String;)Lorg/springframework/context/ConfigurableApplicationContext;+9
j  org.springframework.boot.SpringApplication.run(Ljava/lang/Class;[Ljava/lang/String;)Lorg/springframework/context/ConfigurableApplicationContext;+9
j  br.com.desafioDock.DesafioDockApplication.main([Ljava/lang/String;)V+3
v  ~StubRoutines::call_stub
j  jdk.internal.reflect.NativeMethodAccessorImpl.invoke0(Ljava/lang/reflect/Method;Ljava/lang/Object;[Ljava/lang/Object;)Ljava/lang/Object;+0 java.base@15.0.6
j  jdk.internal.reflect.NativeMethodAccessorImpl.invoke(Ljava/lang/Object;[Ljava/lang/Object;)Ljava/lang/Object;+113 java.base@15.0.6
j  jdk.internal.reflect.DelegatingMethodAccessorImpl.invoke(Ljava/lang/Object;[Ljava/lang/Object;)Ljava/lang/Object;+6 java.base@15.0.6
j  java.lang.reflect.Method.invoke(Ljava/lang/Object;[Ljava/lang/Object;)Ljava/lang/Object;+59 java.base@15.0.6
j  org.springframework.boot.devtools.restart.RestartLauncher.run()V+42
v  ~StubRoutines::call_stub

siginfo: si_signo: 10 (SIGBUS), si_code: 1 (BUS_ADRALN), si_addr: 0x0000000113edadd8

Register to memory mapping:

 x0=0x0000000104aa0118: _MergedGlobals+0 in /Users/agostinho/Library/Java/JavaVirtualMachines/azul-15.0.6/Contents/Home/lib/server/libjvm.dylib at 0x0000000103f4c000
 x1=0x0000000113edac90 is at entry_point+-432 in (nmethod*)0x0000000113edac90
 x2=0x00000001047d6288: _ZN21MarkActivationClosure12do_code_blobEP8CodeBlob+0 in /Users/agostinho/Library/Java/JavaVirtualMachines/azul-15.0.6/Contents/Home/lib/server/libjvm.dylib at 0x0000000103f4c000
 x3=0x0000000fffffc088 points into unknown readable memory: 0xffffd154457e1521 | 21 15 7e 45 54 d1 ff ff
 x4=0x000000014df45420 points into unknown readable memory: 0xd000000000000000 | 00 00 00 00 00 00 00 d0
 x5=0x000000000000001e is an unknown value
 x6=0x0 is NULL
 x7=0x0 is NULL
 x8=0x0000000104a4c000: _ZN12StubRoutines10_jint_fillE+0 in /Users/agostinho/Library/Java/JavaVirtualMachines/azul-15.0.6/Contents/Home/lib/server/libjvm.dylib at 0x0000000103f4c000
 x9=0x00000000000001e0 is an unknown value
x10=0x0 is NULL
x11=0x0000000103244000 points into unknown readable memory: 0x0100050403020100 | 00 01 02 03 04 05 00 01
x12=0x0000000000001959 is an unknown value
x13=0x0 is NULL
x14=0x00000000aa4a6800 is an unknown value
x15=0x000000000000014d is an unknown value
x16=0xffffffffffffffda is an unknown value
x17=0x0000600000877270 points into unknown readable memory: 0x0000000000000000 | 00 00 00 00 00 00 00 00
x18=0x0 is NULL
x19=0x0000000113edac90 is at entry_point+-432 in (nmethod*)0x0000000113edac90
x20=0x000000014e192600 is a thread
x21=0x00000002904105f0 is pointing into the stack for thread: 0x000000014e192600
x22=0x0000000104a4bee8: _ZN12StubRoutines25_call_stub_return_addressE+0 in /Users/agostinho/Library/Java/JavaVirtualMachines/azul-15.0.6/Contents/Home/lib/server/libjvm.dylib at 0x0000000103f4c000
x23=0x000000014e192a54 points into unknown readable memory: 03 93 00 00
x24=0x00000001049e7000: _type2aelembytes+0x38 in /Users/agostinho/Library/Java/JavaVirtualMachines/azul-15.0.6/Contents/Home/lib/server/libjvm.dylib at 0x0000000103f4c000
x25=0x000060000283c800 points into unknown readable memory: 0x000013f08551c800 | 00 c8 51 85 f0 13 00 00
x26=0x0 is NULL
x27=0x0000000000000006 is an unknown value
x28=0x0000000000000007 is an unknown value


Registers:
 x0=0x0000000104aa0118  x1=0x0000000113edac90  x2=0x00000001047d6288  x3=0x0000000fffffc088
 x4=0x000000014df45420  x5=0x000000000000001e  x6=0x0000000000000000  x7=0x0000000000000000
 x8=0x0000000104a4c000  x9=0x00000000000001e0 x10=0x0000000000000000 x11=0x0000000103244000
x12=0x0000000000001959 x13=0x0000000000000000 x14=0x00000000aa4a6800 x15=0x000000000000014d
x16=0xffffffffffffffda x17=0x0000600000877270 x18=0x0000000000000000 x19=0x0000000113edac90
x20=0x000000014e192600 x21=0x00000002904105f0 x22=0x0000000104a4bee8 x23=0x000000014e192a54
x24=0x00000001049e7000 x25=0x000060000283c800 x26=0x0000000000000000 x27=0x0000000000000006
x28=0x0000000000000007  fp=0x00000002904105b0  lr=0x0000000104811b08  sp=0x00000002904105a0
pc=0x00000001047d62c4 cpsr=0x0000000080001000
Top of Stack: (sp=0x00000002904105a0)
0x00000002904105a0:   000000014e192600 0000000104aa0118
0x00000002904105b0:   0000000290410ca0 0000000104811b08
0x00000002904105c0:   0000000290411420 0000000113edaec0
0x00000002904105d0:   0000000113edac90 0000000000000000
0x00000002904105e0:   0000000000000000 0000000290411420
0x00000002904105f0:   0000000000000000 0000000000000000
0x0000000290410600:   0000000000000000 0000000000000000
0x0000000290410610:   0000000000000000 0000000000000000
0x0000000290410620:   0000000000000000 0000000000000000
0x0000000290410630:   0000000000000000 0000000000000000
0x0000000290410640:   0000000000000000 0000000000000000
0x0000000290410650:   0000000000000000 0000000000000000
0x0000000290410660:   0000000000000000 0000000000000000
0x0000000290410670:   0000000000000000 0000000000000000
0x0000000290410680:   0000000000000000 0000000000000000
0x0000000290410690:   0000000000000000 0000000000000000
0x00000002904106a0:   0000000000000000 0000000000000000
0x00000002904106b0:   0000000000000000 0000000000000000
0x00000002904106c0:   0000000000000000 0000000000000000
0x00000002904106d0:   0000000000000000 0000000000000000
0x00000002904106e0:   0000000000000000 0000000000000000
0x00000002904106f0:   0000000000000000 0000000000000000
0x0000000290410700:   0000000000000000 0000000000000000
0x0000000290410710:   0000000000000000 0000000000000000
0x0000000290410720:   0000000000000000 0000000000000000
0x0000000290410730:   0000000000000000 0000000000000000
0x0000000290410740:   0000000000000000 0000000000000000
0x0000000290410750:   0000000000000000 0000000000000000
0x0000000290410760:   0000000000000000 0000000000000000
0x0000000290410770:   0000000000000000 0000000000000000
0x0000000290410780:   0000000000000000 0000000000000000
0x0000000290410790:   0000000000000000 0000000000000000 

Instructions: (pc=0x00000001047d62c4)
0x00000001047d61c4:   9121e421 aa1303e0 97fa4987 d00013a8
0x00000001047d61d4:   fd416d00 5e61d800 d2d09008 f2e825c8
0x00000001047d61e4:   9e670101 1e611800 fd0003e0 f0000a01
0x00000001047d61f4:   91226021 aa1303e0 97fa497b d00013a8
0x00000001047d6204:   f9414908 f90003e8 f0000a01 91231421
0x00000001047d6214:   aa1303e0 97fa4974 d00013a8 f9416108
0x00000001047d6224:   d00013a9 f9416529 a90027e8 f0000a01
0x00000001047d6234:   9123b021 aa1303e0 97fa496b d00013a8
0x00000001047d6244:   f9416908 d34afd08 f90003e8 f0000a01
0x00000001047d6254:   9124b021 aa1303e0 97fa4963 aa1403e0
0x00000001047d6264:   a9427bfd a9414ff4 9100c3ff 17fa53ce
0x00000001047d6274:   a9bf7bfd 910003fd d2800000 a8c17bfd
0x00000001047d6284:   d65f03c0 a9be4ff4 a9017bfd 910043fd
0x00000001047d6294:   aa0103f3 d00013a8 b942b909 35000129
0x00000001047d62a4:   b0001089 d503201f f9425529 d354fd2a
0x00000001047d62b4:   531f794a f144013f 1a9f2549 b902b909
0x00000001047d62c4:   b9014a69 f9400268 f9404108 aa1303e0
0x00000001047d62d4:   d63f0100 340000a0 aa1303e0 a9417bfd
0x00000001047d62e4:   a8c24ff4 17f973c6 a9417bfd a8c24ff4
0x00000001047d62f4:   d65f03c0 a9bf7bfd 910003fd d00013a8
0x00000001047d6304:   b942b909 34000089 b9014829 a8c17bfd
0x00000001047d6314:   d65f03c0 b0001089 d503201f f9425529
0x00000001047d6324:   d354fd2a 531f794a f144013f 1a9f2549
0x00000001047d6334:   b902b909 b9014829 a8c17bfd d65f03c0
0x00000001047d6344:   a9be4ff4 a9017bfd 910043fd aa0103f3
0x00000001047d6354:   aa0003f4 f9400028 f9402108 aa0103e0
0x00000001047d6364:   d63f0100 340000c0 f9400268 f9402908
0x00000001047d6374:   aa1303e0 d63f0100 36000080 a9417bfd
0x00000001047d6384:   a8c24ff4 d65f03c0 f9400a81 f9400268
0x00000001047d6394:   f9406d02 aa1303e0 a9417bfd a8c24ff4
0x00000001047d63a4:   d61f0040 a9bc5ff8 a90157f6 a9024ff4
0x00000001047d63b4:   a9037bfd 9100c3fd 39404008 34000288 


Stack slot to memory mapping:
stack at sp + 0 slots: 0x000000014e192600 is a thread
stack at sp + 1 slots: 0x0000000104aa0118: _MergedGlobals+0 in /Users/agostinho/Library/Java/JavaVirtualMachines/azul-15.0.6/Contents/Home/lib/server/libjvm.dylib at 0x0000000103f4c000
stack at sp + 2 slots: 0x0000000290410ca0 is pointing into the stack for thread: 0x000000014e192600
stack at sp + 3 slots: 0x0000000104811b08: _ZN10JavaThread11nmethods_doEP15CodeBlobClosure+0x80 in /Users/agostinho/Library/Java/JavaVirtualMachines/azul-15.0.6/Contents/Home/lib/server/libjvm.dylib at 0x0000000103f4c000
stack at sp + 4 slots: 0x0000000290411420 is pointing into the stack for thread: 0x000000014e192600
stack at sp + 5 slots: 0x0000000113edaec0 is at entry_point+128 in (nmethod*)0x0000000113edac90
stack at sp + 6 slots: 0x0000000113edac90 is at entry_point+-432 in (nmethod*)0x0000000113edac90
stack at sp + 7 slots: 0x0 is NULL


---------------  P R O C E S S  ---------------

Threads class SMR info:
_java_thread_list=0x000060000075b440, length=15, elements={
0x0000000158008e00, 0x0000000158091600, 0x000000012200a400, 0x000000014e830a00,
0x0000000122809600, 0x0000000158091c00, 0x000000014f00b000, 0x0000000122809c00,
0x000000014f00b600, 0x000000014f077e00, 0x000000014f07a600, 0x000000014e026c00,
0x000000014f07a000, 0x000000014f1d0200, 0x000000014e192600
}

Java Threads: ( => current thread )
  0x0000000158008e00 JavaThread "main" [_thread_blocked, id=9987, stack(0x000000016d148000,0x000000016d34b000)]
  0x0000000158091600 JavaThread "Reference Handler" daemon [_thread_blocked, id=14851, stack(0x000000016df9c000,0x000000016e19f000)]
  0x000000012200a400 JavaThread "Finalizer" daemon [_thread_blocked, id=15363, stack(0x000000016e1a8000,0x000000016e3ab000)]
  0x000000014e830a00 JavaThread "Signal Dispatcher" daemon [_thread_blocked, id=42243, stack(0x000000016e4cc000,0x000000016e6cf000)]
  0x0000000122809600 JavaThread "Service Thread" daemon [_thread_blocked, id=41731, stack(0x000000016e6d8000,0x000000016e8db000)]
  0x0000000158091c00 JavaThread "C2 CompilerThread0" daemon [_thread_blocked, id=41475, stack(0x000000016e8e4000,0x000000016eae7000)]
  0x000000014f00b000 JavaThread "C1 CompilerThread0" daemon [_thread_blocked, id=24323, stack(0x000000016eaf0000,0x000000016ecf3000)]
  0x0000000122809c00 JavaThread "Sweeper thread" daemon [_thread_blocked, id=25347, stack(0x000000016ecfc000,0x000000016eeff000)]
  0x000000014f00b600 JavaThread "Common-Cleaner" daemon [_thread_blocked, id=40707, stack(0x000000016ef08000,0x000000016f10b000)]
  0x000000014f077e00 JavaThread "JDWP Transport Listener: dt_socket" daemon [_thread_blocked, id=26883, stack(0x000000016f114000,0x000000016f317000)]
  0x000000014f07a600 JavaThread "JDWP Event Helper Thread" daemon [_thread_blocked, id=40195, stack(0x000000016f320000,0x000000016f523000)]
  0x000000014e026c00 JavaThread "JDWP Command Reader" daemon [_thread_in_native, id=39427, stack(0x000000016f52c000,0x000000016f72f000)]
  0x000000014f07a000 JavaThread "Notification Thread" daemon [_thread_blocked, id=28419, stack(0x000000016f738000,0x000000016f93b000)]
  0x000000014f1d0200 JavaThread "Thread-0" [_thread_blocked, id=29955, stack(0x0000000290004000,0x0000000290207000)]
=>0x000000014e192600 JavaThread "restartedMain" [_thread_in_vm, id=37379, stack(0x0000000290210000,0x0000000290413000)]

Other Threads:
  0x000000014f912ca0 VMThread "VM Thread" [stack: 0x000000016dd90000,0x000000016df93000] [id=14339] _threads_hazard_ptr=0x000060000075b440
  0x000000014df0e6e0 WatcherThread [stack: 0x000000016f944000,0x000000016fb47000] [id=28675]
  0x000000014f906d40 GCTaskThread "GC Thread#0" [stack: 0x000000016d354000,0x000000016d557000] [id=19971]
  0x000000014df19bd0 GCTaskThread "GC Thread#1" [stack: 0x000000016fb50000,0x000000016fd53000] [id=29187]
  0x000000014df1a0c0 GCTaskThread "GC Thread#2" [stack: 0x000000016fd5c000,0x000000016ff5f000] [id=29443]
  0x000000014df25590 GCTaskThread "GC Thread#3" [stack: 0x0000000290628000,0x000000029082b000] [id=31491]
  0x000000012de0a5f0 GCTaskThread "GC Thread#4" [stack: 0x0000000290834000,0x0000000290a37000] [id=36355]
  0x000000012de0acb0 GCTaskThread "GC Thread#5" [stack: 0x0000000290a40000,0x0000000290c43000] [id=32003]
  0x000000013de08760 GCTaskThread "GC Thread#6" [stack: 0x0000000290c4c000,0x0000000290e4f000] [id=36099]
  0x000000012df0b790 GCTaskThread "GC Thread#7" [stack: 0x0000000290e58000,0x000000029105b000] [id=35843]
  0x000000014de05190 ConcurrentGCThread "G1 Main Marker" [stack: 0x000000016d560000,0x000000016d763000] [id=13059]
  0x000000014de05c60 ConcurrentGCThread "G1 Conc#0" [stack: 0x000000016d76c000,0x000000016d96f000] [id=19459]
  0x000000012de0d390 ConcurrentGCThread "G1 Conc#1" [stack: 0x0000000291064000,0x0000000291267000] [id=32771]
  0x000000014f911bc0 ConcurrentGCThread "G1 Refine#0" [stack: 0x000000016d978000,0x000000016db7b000] [id=18947]
  0x000000014f804ce0 ConcurrentGCThread "G1 Young RemSet Sampling" [stack: 0x000000016db84000,0x000000016dd87000] [id=18435]

Threads with active compile tasks:

VM state: not at safepoint (normal execution)

VM Mutex/Monitor currently owned by a thread: None

Heap address: 0x0000000740000000, size: 2048 MB, Compressed Oops mode: Zero based, Oop shift amount: 3
Compressed class space mapped at: 0x0000000300000000-0x0000000340000000, size: 1073741824
Narrow klass base: 0x0000000000000000, Narrow klass shift: 3, Narrow klass range: 0x340000000

GC Precious Log:
 CPUs: 8 total, 8 available
 Memory: 8192M
 Large Page Support: Disabled
 NUMA Support: Disabled
 Compressed Oops: Enabled (Zero based)
 Heap Region Size: 1M
 Heap Min Capacity: 8M
 Heap Initial Capacity: 128M
 Heap Max Capacity: 2G
 Pre-touch: Disabled
 Parallel Workers: 8
 Concurrent Workers: 2
 Concurrent Refinement Workers: 8
 Periodic GC: Disabled

Heap:
 garbage-first heap   total 40960K, used 15104K [0x0000000740000000, 0x00000007c0000000)
  region size 1024K, 4 young (4096K), 2 survivors (2048K)
 Metaspace       used 33786K, capacity 34270K, committed 34480K, reserved 1079296K
  class space    used 3872K, capacity 4040K, committed 4096K, reserved 1048576K

Heap Regions: E=young(eden), S=young(survivor), O=old, HS=humongous(starts), HC=humongous(continues), CS=collection set, F=free, OA=open archive, CA=closed archive, TAMS=top-at-mark-start (previous, next)
|   0|0x0000000740000000, 0x0000000740100000, 0x0000000740100000|100%|HS|  |TAMS 0x0000000740100000, 0x0000000740000000| Complete 
|   1|0x0000000740100000, 0x0000000740200000, 0x0000000740200000|100%| O|  |TAMS 0x0000000740200000, 0x0000000740100000| Untracked 
|   2|0x0000000740200000, 0x0000000740300000, 0x0000000740300000|100%| O|  |TAMS 0x0000000740300000, 0x0000000740200000| Untracked 
|   3|0x0000000740300000, 0x0000000740400000, 0x0000000740400000|100%| O|  |TAMS 0x0000000740400000, 0x0000000740300000| Untracked 
|   4|0x0000000740400000, 0x0000000740500000, 0x0000000740500000|100%| O|  |TAMS 0x0000000740500000, 0x0000000740400000| Untracked 
|   5|0x0000000740500000, 0x0000000740600000, 0x0000000740600000|100%| O|  |TAMS 0x0000000740600000, 0x0000000740500000| Untracked 
|   6|0x0000000740600000, 0x0000000740700000, 0x0000000740700000|100%| O|  |TAMS 0x0000000740700000, 0x0000000740600000| Untracked 
|   7|0x0000000740700000, 0x0000000740745600, 0x0000000740800000| 27%| O|  |TAMS 0x0000000740745600, 0x0000000740700000| Untracked 
|   8|0x0000000740800000, 0x0000000740900000, 0x0000000740900000|100%| O|  |TAMS 0x0000000740800000, 0x0000000740800000| Untracked 
|   9|0x0000000740900000, 0x0000000740a00000, 0x0000000740a00000|100%| O|  |TAMS 0x0000000740900000, 0x0000000740900000| Untracked 
|  10|0x0000000740a00000, 0x0000000740b00000, 0x0000000740b00000|100%| O|  |TAMS 0x0000000740a00000, 0x0000000740a00000| Untracked 
|  11|0x0000000740b00000, 0x0000000740c00000, 0x0000000740c00000|100%| O|  |TAMS 0x0000000740b00000, 0x0000000740b00000| Untracked 
|  12|0x0000000740c00000, 0x0000000740c9aa00, 0x0000000740d00000| 60%| O|  |TAMS 0x0000000740c00000, 0x0000000740c00000| Untracked 
|  13|0x0000000740d00000, 0x0000000740d00000, 0x0000000740e00000|  0%| F|  |TAMS 0x0000000740d00000, 0x0000000740d00000| Untracked 
|  14|0x0000000740e00000, 0x0000000740e00000, 0x0000000740f00000|  0%| F|  |TAMS 0x0000000740e00000, 0x0000000740e00000| Untracked 
|  15|0x0000000740f00000, 0x0000000740f00000, 0x0000000741000000|  0%| F|  |TAMS 0x0000000740f00000, 0x0000000740f00000| Untracked 
|  16|0x0000000741000000, 0x0000000741000000, 0x0000000741100000|  0%| F|  |TAMS 0x0000000741000000, 0x0000000741000000| Untracked 
|  17|0x0000000741100000, 0x0000000741100000, 0x0000000741200000|  0%| F|  |TAMS 0x0000000741100000, 0x0000000741100000| Untracked 
|  18|0x0000000741200000, 0x0000000741200000, 0x0000000741300000|  0%| F|  |TAMS 0x0000000741200000, 0x0000000741200000| Untracked 
|  19|0x0000000741300000, 0x00000007413e0000, 0x0000000741400000| 87%| S|CS|TAMS 0x0000000741300000, 0x0000000741300000| Complete 
|  20|0x0000000741400000, 0x0000000741500000, 0x0000000741500000|100%| S|CS|TAMS 0x0000000741400000, 0x0000000741400000| Complete 
|  21|0x0000000741500000, 0x0000000741500000, 0x0000000741600000|  0%| F|  |TAMS 0x0000000741500000, 0x0000000741500000| Untracked 
|  22|0x0000000741600000, 0x0000000741600000, 0x0000000741700000|  0%| F|  |TAMS 0x0000000741600000, 0x0000000741600000| Untracked 
|  23|0x0000000741700000, 0x0000000741700000, 0x0000000741800000|  0%| F|  |TAMS 0x0000000741700000, 0x0000000741700000| Untracked 
|  24|0x0000000741800000, 0x0000000741800000, 0x0000000741900000|  0%| F|  |TAMS 0x0000000741800000, 0x0000000741800000| Untracked 
|  25|0x0000000741900000, 0x0000000741900000, 0x0000000741a00000|  0%| F|  |TAMS 0x0000000741900000, 0x0000000741900000| Untracked 
|  26|0x0000000741a00000, 0x0000000741a00000, 0x0000000741b00000|  0%| F|  |TAMS 0x0000000741a00000, 0x0000000741a00000| Untracked 
|  27|0x0000000741b00000, 0x0000000741b00000, 0x0000000741c00000|  0%| F|  |TAMS 0x0000000741b00000, 0x0000000741b00000| Untracked 
|  28|0x0000000741c00000, 0x0000000741c00000, 0x0000000741d00000|  0%| F|  |TAMS 0x0000000741c00000, 0x0000000741c00000| Untracked 
|  29|0x0000000741d00000, 0x0000000741d00000, 0x0000000741e00000|  0%| F|  |TAMS 0x0000000741d00000, 0x0000000741d00000| Untracked 
|  30|0x0000000741e00000, 0x0000000741e00000, 0x0000000741f00000|  0%| F|  |TAMS 0x0000000741e00000, 0x0000000741e00000| Untracked 
|  31|0x0000000741f00000, 0x0000000741f00000, 0x0000000742000000|  0%| F|  |TAMS 0x0000000741f00000, 0x0000000741f00000| Untracked 
|  32|0x0000000742000000, 0x0000000742000000, 0x0000000742100000|  0%| F|  |TAMS 0x0000000742000000, 0x0000000742000000| Untracked 
|  33|0x0000000742100000, 0x0000000742100000, 0x0000000742200000|  0%| F|  |TAMS 0x0000000742100000, 0x0000000742100000| Untracked 
|  34|0x0000000742200000, 0x0000000742200000, 0x0000000742300000|  0%| F|  |TAMS 0x0000000742200000, 0x0000000742200000| Untracked 
|  35|0x0000000742300000, 0x0000000742300000, 0x0000000742400000|  0%| F|  |TAMS 0x0000000742300000, 0x0000000742300000| Untracked 
| 110|0x0000000746e00000, 0x0000000746e00000, 0x0000000746f00000|  0%| F|  |TAMS 0x0000000746e00000, 0x0000000746e00000| Untracked 
| 111|0x0000000746f00000, 0x0000000746f00000, 0x0000000747000000|  0%| F|  |TAMS 0x0000000746f00000, 0x0000000746f00000| Untracked 
| 112|0x0000000747000000, 0x000000074704f578, 0x0000000747100000| 30%| E|  |TAMS 0x0000000747000000, 0x0000000747000000| Complete 
| 127|0x0000000747f00000, 0x0000000748000000, 0x0000000748000000|100%| E|CS|TAMS 0x0000000747f00000, 0x0000000747f00000| Complete 

Card table byte_map: [0x0000000103730000,0x0000000103b30000] _byte_map_base: 0x00000000ffd30000

Marking Bits (Prev, Next): (CMBitMap*) 0x000000014e00da50, (CMBitMap*) 0x000000014e00da10
 Prev Bits: [0x000000011d348000, 0x000000011f348000)
 Next Bits: [0x000000011b348000, 0x000000011d348000)

Polling page: 0x0000000102ec8000

Metaspace:

Usage:
  Non-class:     29.52 MB capacity,    29.21 MB ( 99%) used,   262.65 KB ( <1%) free+waste,    52.81 KB ( <1%) overhead. 
      Class:      3.95 MB capacity,     3.78 MB ( 96%) used,   147.54 KB (  4%) free+waste,    20.31 KB ( <1%) overhead. 
       Both:     33.47 MB capacity,    32.99 MB ( 99%) used,   410.19 KB (  1%) free+waste,    73.12 KB ( <1%) overhead. 

Virtual space:
  Non-class space:       30.00 MB reserved,      29.67 MB ( 99%) committed 
      Class space:        1.00 GB reserved,       4.00 MB ( <1%) committed 
             Both:        1.03 GB reserved,      33.67 MB (  3%) committed 

Chunk freelists:
   Non-Class:  26.00 KB
       Class:  24.00 KB
        Both:  50.00 KB

MaxMetaspaceSize: unlimited
CompressedClassSpaceSize: 1.00 GB

CodeHeap 'non-profiled nmethods': size=120032Kb used=1511Kb max_used=1511Kb free=118520Kb
 bounds [0x0000000113e10000, 0x0000000114080000, 0x000000011b348000]
CodeHeap 'profiled nmethods': size=120016Kb used=7485Kb max_used=7485Kb free=112530Kb
 bounds [0x000000010c8dc000, 0x000000010d02c000, 0x0000000113e10000]
CodeHeap 'non-nmethods': size=5712Kb used=1181Kb max_used=1307Kb free=4530Kb
 bounds [0x000000010c348000, 0x000000010c5b8000, 0x000000010c8dc000]
 total_blobs=3626 nmethods=3191 adapters=351
 compilation: enabled
              stopped_count=0, restarted_count=0
 full_count=0

Compilation events (20 events):
Event: 3.441 Thread 0x000000014f00b000 3286       3       org.springframework.util.PropertyPlaceholderHelper::replacePlaceholders (14 bytes)
Event: 3.441 Thread 0x000000014f00b000 nmethod 3286 0x000000010d024790 code [0x000000010d024980, 0x000000010d024c88]
Event: 3.441 Thread 0x000000014f00b000 3287       3       org.springframework.core.env.AbstractPropertyResolver::resolveRequiredPlaceholders (26 bytes)
Event: 3.441 Thread 0x000000014f00b000 nmethod 3287 0x000000010d024e10 code [0x000000010d0250c0, 0x000000010d025a68]
Event: 3.441 Thread 0x000000014f00b000 3288       3       org.springframework.beans.factory.config.BeanDefinitionVisitor::resolveStringValue (42 bytes)
Event: 3.441 Thread 0x000000014f00b000 nmethod 3288 0x000000010d025f10 code [0x000000010d026100, 0x000000010d0264f8]
Event: 3.441 Thread 0x000000014f00b000 3289       3       org.springframework.context.support.PropertySourcesPlaceholderConfigurer$$Lambda$486/0x00000003003e40e0::resolveStringValue (13 bytes)
Event: 3.441 Thread 0x000000014f00b000 nmethod 3289 0x000000010d026690 code [0x000000010d026840, 0x000000010d0269d8]
Event: 3.441 Thread 0x000000014f00b000 3290       3       org.springframework.context.support.PropertySourcesPlaceholderConfigurer::lambda$processProperties$0 (54 bytes)
Event: 3.441 Thread 0x000000014f00b000 nmethod 3290 0x000000010d026b10 code [0x000000010d026d80, 0x000000010d027498]
Event: 3.445 Thread 0x000000014f00b000 3293       3       org.springframework.core.SerializableTypeWrapper$MethodParameterTypeProvider::<init> (59 bytes)
Event: 3.445 Thread 0x000000014f00b000 nmethod 3293 0x000000010d027710 code [0x000000010d027980, 0x000000010d0285c8]
Event: 3.445 Thread 0x000000014f00b000 3294       3       org.springframework.core.ResolvableType::getNested (121 bytes)
Event: 3.446 Thread 0x000000014f00b000 nmethod 3294 0x000000010d028890 code [0x000000010d028c00, 0x000000010d029f38]
Event: 3.446 Thread 0x000000014f00b000 3295       3       org.springframework.beans.factory.support.AbstractBeanFactory::isFactoryBean (60 bytes)
Event: 3.446 Thread 0x000000014f00b000 nmethod 3295 0x000000010d02a590 code [0x000000010d02a7c0, 0x000000010d02af08]
Event: 3.447 Thread 0x000000014f00b000 3296       3       java.lang.invoke.BoundMethodHandle$Species_L::make (11 bytes)
Event: 3.447 Thread 0x000000014f00b000 nmethod 3296 0x000000010d02b110 code [0x000000010d02b2c0, 0x000000010d02b518]
Event: 3.453 Thread 0x0000000158091c00 nmethod 3250 0x0000000113f7e690 code [0x0000000113f7edc0, 0x0000000113f84040]
Event: 3.453 Thread 0x0000000158091c00 3273       4       java.lang.StringLatin1::toLowerCase (186 bytes)

GC Heap History (16 events):
Event: 1.135 GC heap before
{Heap before GC invocations=0 (full 0):
 garbage-first heap   total 131072K, used 23552K [0x0000000740000000, 0x00000007c0000000)
  region size 1024K, 23 young (23552K), 0 survivors (0K)
 Metaspace       used 11775K, capacity 11938K, committed 12032K, reserved 1060864K
  class space    used 1127K, capacity 1186K, committed 1280K, reserved 1048576K
}
Event: 1.138 GC heap after
{Heap after GC invocations=1 (full 0):
 garbage-first heap   total 131072K, used 7296K [0x0000000740000000, 0x00000007c0000000)
  region size 1024K, 3 young (3072K), 3 survivors (3072K)
 Metaspace       used 11775K, capacity 11938K, committed 12032K, reserved 1060864K
  class space    used 1127K, capacity 1186K, committed 1280K, reserved 1048576K
}
Event: 1.859 GC heap before
{Heap before GC invocations=1 (full 0):
 garbage-first heap   total 131072K, used 32896K [0x0000000740000000, 0x00000007c0000000)
  region size 1024K, 28 young (28672K), 3 survivors (3072K)
 Metaspace       used 17655K, capacity 17941K, committed 18176K, reserved 1064960K
  class space    used 1867K, capacity 1989K, committed 2048K, reserved 1048576K
}
Event: 1.879 GC heap after
{Heap after GC invocations=2 (full 0):
 garbage-first heap   total 131072K, used 9395K [0x0000000740000000, 0x00000007c0000000)
  region size 1024K, 2 young (2048K), 2 survivors (2048K)
 Metaspace       used 17655K, capacity 17941K, committed 18176K, reserved 1064960K
  class space    used 1867K, capacity 1989K, committed 2048K, reserved 1048576K
}
Event: 2.162 GC heap before
{Heap before GC invocations=2 (full 0):
 garbage-first heap   total 131072K, used 22707K [0x0000000740000000, 0x00000007c0000000)
  region size 1024K, 17 young (17408K), 2 survivors (2048K)
 Metaspace       used 20883K, capacity 21152K, committed 21296K, reserved 1069056K
  class space    used 2235K, capacity 2353K, committed 2432K, reserved 1048576K
}
Event: 2.166 GC heap after
{Heap after GC invocations=3 (full 0):
 garbage-first heap   total 131072K, used 9592K [0x0000000740000000, 0x00000007c0000000)
  region size 1024K, 3 young (3072K), 3 survivors (3072K)
 Metaspace       used 20883K, capacity 21152K, committed 21296K, reserved 1069056K
  class space    used 2235K, capacity 2353K, committed 2432K, reserved 1048576K
}
Event: 2.556 GC heap before
{Heap before GC invocations=4 (full 0):
 garbage-first heap   total 40960K, used 30072K [0x0000000740000000, 0x00000007c0000000)
  region size 1024K, 24 young (24576K), 3 survivors (3072K)
 Metaspace       used 24837K, capacity 25137K, committed 25392K, reserved 1071104K
  class space    used 2731K, capacity 2846K, committed 2944K, reserved 1048576K
}
Event: 2.559 GC heap after
{Heap after GC invocations=5 (full 0):
 garbage-first heap   total 40960K, used 10591K [0x0000000740000000, 0x00000007c0000000)
  region size 1024K, 2 young (2048K), 2 survivors (2048K)
 Metaspace       used 24837K, capacity 25137K, committed 25392K, reserved 1071104K
  class space    used 2731K, capacity 2846K, committed 2944K, reserved 1048576K
}
Event: 2.915 GC heap before
{Heap before GC invocations=5 (full 0):
 garbage-first heap   total 40960K, used 27999K [0x0000000740000000, 0x00000007c0000000)
  region size 1024K, 19 young (19456K), 2 survivors (2048K)
 Metaspace       used 26389K, capacity 26827K, committed 27056K, reserved 1073152K
  class space    used 2883K, capacity 3019K, committed 3072K, reserved 1048576K
}
Event: 2.916 GC heap after
{Heap after GC invocations=6 (full 0):
 garbage-first heap   total 40960K, used 11775K [0x0000000740000000, 0x00000007c0000000)
  region size 1024K, 3 young (3072K), 3 survivors (3072K)
 Metaspace       used 26389K, capacity 26827K, committed 27056K, reserved 1073152K
  class space    used 2883K, capacity 3019K, committed 3072K, reserved 1048576K
}
Event: 3.098 GC heap before
{Heap before GC invocations=6 (full 0):
 garbage-first heap   total 40960K, used 28159K [0x0000000740000000, 0x00000007c0000000)
  region size 1024K, 20 young (20480K), 3 survivors (3072K)
 Metaspace       used 28208K, capacity 28627K, committed 28848K, reserved 1075200K
  class space    used 3093K, capacity 3228K, committed 3328K, reserved 1048576K
}
Event: 3.101 GC heap after
{Heap after GC invocations=7 (full 0):
 garbage-first heap   total 40960K, used 12307K [0x0000000740000000, 0x00000007c0000000)
  region size 1024K, 2 young (2048K), 2 survivors (2048K)
 Metaspace       used 28208K, capacity 28627K, committed 28848K, reserved 1075200K
  class space    used 3093K, capacity 3228K, committed 3328K, reserved 1048576K
}
Event: 3.241 GC heap before
{Heap before GC invocations=7 (full 0):
 garbage-first heap   total 40960K, used 28691K [0x0000000740000000, 0x00000007c0000000)
  region size 1024K, 19 young (19456K), 2 survivors (2048K)
 Metaspace       used 30650K, capacity 31071K, committed 31152K, reserved 1077248K
  class space    used 3430K, capacity 3552K, committed 3584K, reserved 1048576K
}
Event: 3.242 GC heap after
{Heap after GC invocations=8 (full 0):
 garbage-first heap   total 40960K, used 13044K [0x0000000740000000, 0x00000007c0000000)
  region size 1024K, 2 young (2048K), 2 survivors (2048K)
 Metaspace       used 30650K, capacity 31071K, committed 31152K, reserved 1077248K
  class space    used 3430K, capacity 3552K, committed 3584K, reserved 1048576K
}
Event: 3.431 GC heap before
{Heap before GC invocations=8 (full 0):
 garbage-first heap   total 40960K, used 30452K [0x0000000740000000, 0x00000007c0000000)
  region size 1024K, 19 young (19456K), 2 survivors (2048K)
 Metaspace       used 33621K, capacity 34078K, committed 34224K, reserved 1079296K
  class space    used 3848K, capacity 3976K, committed 4096K, reserved 1048576K
}
Event: 3.435 GC heap after
{Heap after GC invocations=9 (full 0):
 garbage-first heap   total 40960K, used 14080K [0x0000000740000000, 0x00000007c0000000)
  region size 1024K, 2 young (2048K), 2 survivors (2048K)
 Metaspace       used 33621K, capacity 34078K, committed 34224K, reserved 1079296K
  class space    used 3848K, capacity 3976K, committed 4096K, reserved 1048576K
}

Deoptimization events (20 events):
Event: 3.447 Thread 0x000000014e192600 DEOPT PACKING pc=0x000000010ccf13f8 sp=0x0000000290410ab0
Event: 3.447 Thread 0x000000014e192600 DEOPT UNPACKING pc=0x000000010c381bfc sp=0x0000000290410980 mode 1
Event: 3.448 Thread 0x000000014e192600 DEOPT PACKING pc=0x000000010cdfe5bc sp=0x00000002904108e0
Event: 3.448 Thread 0x000000014e192600 DEOPT UNPACKING pc=0x000000010c381bfc sp=0x00000002904106c0 mode 1
Event: 3.448 Thread 0x000000014e192600 DEOPT PACKING pc=0x000000010ccf4e80 sp=0x0000000290410970
Event: 3.448 Thread 0x000000014e192600 DEOPT UNPACKING pc=0x000000010c381bfc sp=0x0000000290410810 mode 1
Event: 3.448 Thread 0x000000014e192600 DEOPT PACKING pc=0x000000010ccf13f8 sp=0x0000000290410ab0
Event: 3.448 Thread 0x000000014e192600 DEOPT UNPACKING pc=0x000000010c381bfc sp=0x0000000290410980 mode 1
Event: 3.449 Thread 0x000000014e192600 DEOPT PACKING pc=0x000000010cdfe5bc sp=0x00000002904108e0
Event: 3.449 Thread 0x000000014e192600 DEOPT UNPACKING pc=0x000000010c381bfc sp=0x00000002904106c0 mode 1
Event: 3.449 Thread 0x000000014e192600 DEOPT PACKING pc=0x000000010ccf4e80 sp=0x0000000290410970
Event: 3.449 Thread 0x000000014e192600 DEOPT UNPACKING pc=0x000000010c381bfc sp=0x0000000290410810 mode 1
Event: 3.449 Thread 0x000000014e192600 DEOPT PACKING pc=0x000000010ccf13f8 sp=0x0000000290410ab0
Event: 3.449 Thread 0x000000014e192600 DEOPT UNPACKING pc=0x000000010c381bfc sp=0x0000000290410980 mode 1
Event: 3.449 Thread 0x000000014e192600 DEOPT PACKING pc=0x000000010cdfe5bc sp=0x00000002904108e0
Event: 3.449 Thread 0x000000014e192600 DEOPT UNPACKING pc=0x000000010c381bfc sp=0x00000002904106c0 mode 1
Event: 3.449 Thread 0x000000014e192600 DEOPT PACKING pc=0x000000010ccf4e80 sp=0x0000000290410970
Event: 3.449 Thread 0x000000014e192600 DEOPT UNPACKING pc=0x000000010c381bfc sp=0x0000000290410810 mode 1
Event: 3.449 Thread 0x000000014e192600 DEOPT PACKING pc=0x000000010ccf13f8 sp=0x0000000290410ab0
Event: 3.449 Thread 0x000000014e192600 DEOPT UNPACKING pc=0x000000010c381bfc sp=0x0000000290410980 mode 1

Classes unloaded (0 events):
No events

Classes redefined (0 events):
No events

Internal exceptions (20 events):
Event: 2.240 Thread 0x000000014e192600 Exception <a 'java/lang/ClassNotFoundException'{0x0000000741f7b318}: org/springframework/beans/factory/AwareCustomizer> (0x0000000741f7b318) 
thrown [src/hotspot/share/classfile/systemDictionary.cpp, line 295]
Event: 2.240 Thread 0x000000014e192600 Exception <a 'java/lang/ClassNotFoundException'{0x0000000741f7fd08}: org/springframework/context/EnvironmentAwareCustomizer> (0x0000000741f7fd08) 
thrown [src/hotspot/share/classfile/systemDictionary.cpp, line 295]
Event: 2.241 Thread 0x000000014e192600 Exception <a 'java/lang/ClassNotFoundException'{0x0000000741f85908}: org/springframework/beans/factory/AwareCustomizer> (0x0000000741f85908) 
thrown [src/hotspot/share/classfile/systemDictionary.cpp, line 295]
Event: 2.259 Thread 0x000000014e192600 Exception <a 'java/lang/NoSuchMethodError'{0x0000000741db78f0}: 'java.lang.Object java.lang.invoke.DirectMethodHandle$Holder.invokeVirtual(java.lang.Object, java.lang.Object, java.lang.Object)'> (0x0000000741db78f0) 
thrown [src/hotspot/share/interpreter/linkResolver.cpp, line 782]
Event: 2.320 Thread 0x000000014eb4ec00 Exception <a 'java/lang/NoSuchMethodError'{0x000000074164a938}: 'long java.lang.invoke.DirectMethodHandle$Holder.invokeSpecial(java.lang.Object, java.lang.Object)'> (0x000000074164a938) 
thrown [src/hotspot/share/interpreter/linkResolver.cpp, line 782]
Event: 2.322 Thread 0x000000014eb4ec00 Exception <a 'java/lang/NoSuchMethodError'{0x0000000741655f38}: 'long java.lang.invoke.DirectMethodHandle$Holder.invokeStatic(java.lang.Object, java.lang.Object)'> (0x0000000741655f38) 
thrown [src/hotspot/share/interpreter/linkResolver.cpp, line 782]
Event: 2.322 Thread 0x000000014eb4ec00 Exception <a 'java/lang/NoSuchMethodError'{0x0000000741659718}: 'long java.lang.invoke.DirectMethodHandle$Holder.invokeStaticInit(java.lang.Object, java.lang.Object)'> (0x0000000741659718) 
thrown [src/hotspot/share/interpreter/linkResolver.cpp, line 782]
Event: 2.323 Thread 0x000000014eb4ec00 Exception <a 'java/lang/NoSuchMethodError'{0x0000000741667bd0}: 'long java.lang.invoke.DirectMethodHandle$Holder.invokeInterface(java.lang.Object, java.lang.Object)'> (0x0000000741667bd0) 
thrown [src/hotspot/share/interpreter/linkResolver.cpp, line 782]
Event: 2.323 Thread 0x000000014eb4ec00 Exception <a 'java/lang/IncompatibleClassChangeError'{0x00000007416eb760}: Found class java.lang.Object, but interface was expected> (0x00000007416eb760) 
thrown [src/hotspot/share/interpreter/linkResolver.cpp, line 848]
Event: 2.328 Thread 0x000000014eb4ec00 Exception <a 'java/lang/NoSuchMethodError'{0x0000000741569438}: 'java.lang.Object java.lang.invoke.DirectMethodHandle$Holder.invokeVirtual(java.lang.Object, java.lang.Object, java.lang.Object, java.lang.Object)'> (0x0000000741569438) 
thrown [src/hotspot/share/interpreter/linkResolver.cpp, line 782]
Event: 2.388 Thread 0x000000014e192600 Exception <a 'java/lang/NoSuchMethodError'{0x00000007414c6cf0}: 'java.lang.Object java.lang.invoke.DelegatingMethodHandle$Holder.delegate(java.lang.Object, java.lang.Object)'> (0x00000007414c6cf0) 
thrown [src/hotspot/share/interpreter/linkResolver.cpp, line 782]
Event: 2.701 Thread 0x000000014e192600 Exception <a 'java/lang/IncompatibleClassChangeError'{0x0000000746e99be8}: Found class java.lang.Object, but interface was expected> (0x0000000746e99be8) 
thrown [src/hotspot/share/interpreter/linkResolver.cpp, line 848]
Event: 2.759 Thread 0x000000014e192600 Exception <a 'java/lang/NoSuchMethodError'{0x000000074213f668}: 'void java.lang.invoke.DirectMethodHandle$Holder.invokeInterface(java.lang.Object, java.lang.Object, java.lang.Object, java.lang.Object)'> (0x000000074213f668) 
thrown [src/hotspot/share/interpreter/linkResolver.cpp, line 782]
Event: 3.209 Thread 0x000000014e192600 Exception <a 'java/lang/NoSuchMethodError'{0x0000000741a3b158}: 'java.lang.Object java.lang.invoke.DirectMethodHandle$Holder.invokeStatic(java.lang.Object, java.lang.Object, java.lang.Object, java.lang.Object, int)'> (0x0000000741a3b158) 
thrown [src/hotspot/share/interpreter/linkResolver.cpp, line 782]
Event: 3.263 Thread 0x000000014e192600 Exception <a 'java/lang/NoSuchMethodError'{0x0000000746f74910}: 'int java.lang.invoke.DirectMethodHandle$Holder.invokeStatic(java.lang.Object)'> (0x0000000746f74910) 
thrown [src/hotspot/share/interpreter/linkResolver.cpp, line 782]
Event: 3.264 Thread 0x000000014e192600 Exception <a 'java/lang/NoSuchMethodError'{0x0000000746f78460}: 'int java.lang.invoke.DirectMethodHandle$Holder.invokeStaticInit(java.lang.Object)'> (0x0000000746f78460) 
thrown [src/hotspot/share/interpreter/linkResolver.cpp, line 782]
Event: 3.264 Thread 0x000000014e192600 Exception <a 'java/lang/NoSuchMethodError'{0x0000000746f7dd88}: 'int java.lang.invoke.DirectMethodHandle$Holder.invokeVirtual(java.lang.Object, java.lang.Object, java.lang.Object)'> (0x0000000746f7dd88) 
thrown [src/hotspot/share/interpreter/linkResolver.cpp, line 782]
Event: 3.430 Thread 0x000000014e192600 Implicit null exception at 0x0000000113f7bd84 to 0x0000000113f7bfdc
Event: 3.444 Thread 0x000000014e192600 Exception <a 'java/lang/NoClassDefFoundError'{0x0000000747fb6200}: org/flywaydb/core/Flyway> (0x0000000747fb6200) 
thrown [src/hotspot/share/classfile/systemDictionary.cpp, line 284]
Event: 3.444 Thread 0x000000014e192600 Exception <a 'java/lang/NoClassDefFoundError'{0x0000000747fb7938}: liquibase/integration/spring/SpringLiquibase> (0x0000000747fb7938) 
thrown [src/hotspot/share/classfile/systemDictionary.cpp, line 284]

Events (20 events):
Event: 3.447 loading class org/springframework/boot/sql/init/dependency/DatabaseInitializerDetector done
Event: 3.447 loading class org/springframework/boot/sql/init/dependency/DependsOnDatabaseInitializationDetector
Event: 3.447 loading class org/springframework/boot/sql/init/dependency/DependsOnDatabaseInitializationDetector done
Event: 3.447 loading class org/springframework/boot/sql/init/dependency/AnnotationDependsOnDatabaseInitializationDetector
Event: 3.447 loading class org/springframework/boot/sql/init/dependency/AnnotationDependsOnDatabaseInitializationDetector done
Event: 3.447 loading class org/springframework/boot/jdbc/SpringJdbcDependsOnDatabaseInitializationDetector
Event: 3.447 loading class org/springframework/boot/jdbc/SpringJdbcDependsOnDatabaseInitializationDetector done
Event: 3.447 loading class org/springframework/boot/sql/init/dependency/AbstractBeansOfTypeDependsOnDatabaseInitializationDetector
Event: 3.447 loading class org/springframework/boot/sql/init/dependency/AbstractBeansOfTypeDependsOnDatabaseInitializationDetector done
Event: 3.447 loading class org/springframework/boot/jooq/JooqDependsOnDatabaseInitializationDetector
Event: 3.447 loading class org/springframework/boot/jooq/JooqDependsOnDatabaseInitializationDetector done
Event: 3.447 loading class org/springframework/boot/orm/jpa/JpaDependsOnDatabaseInitializationDetector
Event: 3.447 loading class org/springframework/boot/orm/jpa/JpaDependsOnDatabaseInitializationDetector done
Event: 3.448 loading class org/springframework/boot/autoconfigure/batch/JobRepositoryDependsOnDatabaseInitializationDetector
Event: 3.448 loading class org/springframework/boot/autoconfigure/batch/JobRepositoryDependsOnDatabaseInitializationDetector done
Event: 3.449 loading class org/springframework/boot/autoconfigure/quartz/SchedulerDependsOnDatabaseInitializationDetector
Event: 3.449 loading class org/springframework/boot/autoconfigure/quartz/SchedulerDependsOnDatabaseInitializationDetector done
Event: 3.449 loading class org/springframework/boot/autoconfigure/session/JdbcIndexedSessionRepositoryDependsOnDatabaseInitializationDetector
Event: 3.449 loading class org/springframework/boot/autoconfigure/session/JdbcIndexedSessionRepositoryDependsOnDatabaseInitializationDetector done
Event: 3.453 Executing VM operation: HandshakeAllThreads


Dynamic libraries:
0x0000000102e78000 	/Users/agostinho/Library/Java/JavaVirtualMachines/azul-15.0.6/Contents/Home/lib/libjli.dylib
0x00000001aeffc000 	/usr/lib/libz.1.dylib
0x00000001af0b3000 	/usr/lib/libSystem.B.dylib
0x00000001af0ad000 	/usr/lib/system/libcache.dylib
0x00000001af06b000 	/usr/lib/system/libcommonCrypto.dylib
0x00000001af094000 	/usr/lib/system/libcompiler_rt.dylib
0x00000001af08b000 	/usr/lib/system/libcopyfile.dylib
0x00000001a42f3000 	/usr/lib/system/libcorecrypto.dylib
0x00000001a43a6000 	/usr/lib/system/libdispatch.dylib
0x00000001a4574000 	/usr/lib/system/libdyld.dylib
0x00000001af0a3000 	/usr/lib/system/libkeymgr.dylib
0x00000001af046000 	/usr/lib/system/libmacho.dylib
0x00000001ae73b000 	/usr/lib/system/libquarantine.dylib
0x00000001af0a0000 	/usr/lib/system/libremovefile.dylib
0x00000001a96dc000 	/usr/lib/system/libsystem_asl.dylib
0x00000001a4295000 	/usr/lib/system/libsystem_blocks.dylib
0x00000001a442e000 	/usr/lib/system/libsystem_c.dylib
0x00000001af098000 	/usr/lib/system/libsystem_collections.dylib
0x00000001adbc9000 	/usr/lib/system/libsystem_configuration.dylib
0x00000001ace25000 	/usr/lib/system/libsystem_containermanager.dylib
0x00000001aeda8000 	/usr/lib/system/libsystem_coreservices.dylib
0x00000001a6c9c000 	/usr/lib/system/libsystem_darwin.dylib
0x00000001af0a4000 	/usr/lib/system/libsystem_dnssd.dylib
0x00000001a442b000 	/usr/lib/system/libsystem_featureflags.dylib
0x00000001a4589000 	/usr/lib/system/libsystem_info.dylib
0x00000001af00e000 	/usr/lib/system/libsystem_m.dylib
0x00000001a437b000 	/usr/lib/system/libsystem_malloc.dylib
0x00000001a966b000 	/usr/lib/system/libsystem_networkextension.dylib
0x00000001a70f5000 	/usr/lib/system/libsystem_notify.dylib
0x00000001b53f1000 	/usr/lib/system/libsystem_product_info_filter.dylib
0x00000001adbce000 	/usr/lib/system/libsystem_sandbox.dylib
0x00000001af09d000 	/usr/lib/system/libsystem_secinit.dylib
0x00000001a452f000 	/usr/lib/system/libsystem_kernel.dylib
0x00000001a4581000 	/usr/lib/system/libsystem_platform.dylib
0x00000001a4567000 	/usr/lib/system/libsystem_pthread.dylib
0x00000001aae34000 	/usr/lib/system/libsystem_symptoms.dylib
0x00000001a42d9000 	/usr/lib/system/libsystem_trace.dylib
0x00000001af078000 	/usr/lib/system/libunwind.dylib
0x00000001a4297000 	/usr/lib/system/libxpc.dylib
0x00000001a4517000 	/usr/lib/libc++abi.dylib
0x00000001a43ed000 	/usr/lib/libobjc.A.dylib
0x00000001af083000 	/usr/lib/liboah.dylib
0x00000001a44b0000 	/usr/lib/libc++.1.dylib
0x00000001baf0a000 	/System/Library/Frameworks/Cocoa.framework/Versions/A/Cocoa
0x00000001a7156000 	/System/Library/Frameworks/AppKit.framework/Versions/C/AppKit
0x00000001aa65c000 	/System/Library/Frameworks/CoreData.framework/Versions/A/CoreData
0x00000001a54b1000 	/System/Library/Frameworks/Foundation.framework/Versions/C/Foundation
0x00000001a800e000 	/System/Library/PrivateFrameworks/UIFoundation.framework/Versions/A/UIFoundation
0x00000001b50eb000 	/System/Library/PrivateFrameworks/RemoteViewServices.framework/Versions/A/RemoteViewServices
0x00000001ad571000 	/System/Library/PrivateFrameworks/XCTTargetBootstrap.framework/Versions/A/XCTTargetBootstrap
0x00000001b0def000 	/System/Library/PrivateFrameworks/InternationalSupport.framework/Versions/A/InternationalSupport
0x00000001b0e78000 	/System/Library/PrivateFrameworks/UserActivity.framework/Versions/A/UserActivity
0x00000001b02ea000 	/usr/lib/libspindump.dylib
0x00000001a827f000 	/System/Library/Frameworks/UniformTypeIdentifiers.framework/Versions/A/UniformTypeIdentifiers
0x00000001ababc000 	/usr/lib/libapp_launch_measurement.dylib
0x00000001aafe6000 	/System/Library/PrivateFrameworks/CoreAnalytics.framework/Versions/A/CoreAnalytics
0x00000001ababf000 	/System/Library/PrivateFrameworks/CoreAutoLayout.framework/Versions/A/CoreAutoLayout
0x00000001ace62000 	/System/Library/Frameworks/Metal.framework/Versions/A/Metal
0x00000001adbd9000 	/usr/lib/liblangid.dylib
0x00000001ad576000 	/System/Library/PrivateFrameworks/CoreSVG.framework/Versions/A/CoreSVG
0x00000001a9710000 	/System/Library/PrivateFrameworks/SkyLight.framework/Versions/A/SkyLight
0x00000001a9ae5000 	/System/Library/Frameworks/CoreGraphics.framework/Versions/A/CoreGraphics
0x00000001b57b7000 	/System/Library/Frameworks/Accelerate.framework/Versions/A/Accelerate
0x00000001afd61000 	/System/Library/PrivateFrameworks/IconServices.framework/Versions/A/IconServices
0x00000001ace44000 	/System/Library/Frameworks/IOSurface.framework/Versions/A/IOSurface
0x00000001ab017000 	/usr/lib/libDiagnosticMessagesClient.dylib
0x00000001b8cb8000 	/System/Library/Frameworks/ApplicationServices.framework/Versions/A/ApplicationServices
0x00000001ad559000 	/System/Library/PrivateFrameworks/DFRFoundation.framework/Versions/A/DFRFoundation
0x00000001a69e6000 	/usr/lib/libicucore.A.dylib
0x00000001b1c9b000 	/System/Library/Frameworks/AudioToolbox.framework/Versions/A/AudioToolbox
0x00000001b0dfb000 	/System/Library/PrivateFrameworks/DataDetectorsCore.framework/Versions/A/DataDetectorsCore
0x00000001c773b000 	/System/Library/PrivateFrameworks/TextInput.framework/Versions/A/TextInput
0x00000001a9685000 	/usr/lib/libMobileGestalt.dylib
0x00000001ad225000 	/System/Library/Frameworks/Carbon.framework/Versions/A/Frameworks/HIToolbox.framework/Versions/A/HIToolbox
0x00000001ab498000 	/System/Library/Frameworks/QuartzCore.framework/Versions/A/QuartzCore
0x00000001a6669000 	/System/Library/Frameworks/Security.framework/Versions/A/Security
0x00000001b512b000 	/System/Library/Frameworks/Carbon.framework/Versions/A/Frameworks/SpeechRecognition.framework/Versions/A/SpeechRecognition
0x00000001ab812000 	/System/Library/PrivateFrameworks/CoreUI.framework/Versions/A/CoreUI
0x00000001a5f46000 	/System/Library/Frameworks/CoreAudio.framework/Versions/A/CoreAudio
0x00000001ab10c000 	/System/Library/Frameworks/DiskArbitration.framework/Versions/A/DiskArbitration
0x00000001b06f4000 	/System/Library/PrivateFrameworks/MultitouchSupport.framework/Versions/A/MultitouchSupport
0x00000001a9683000 	/usr/lib/libenergytrace.dylib
0x00000001a701e000 	/System/Library/Frameworks/IOKit.framework/Versions/A/IOKit
0x00000001b551a000 	/System/Library/Frameworks/CoreServices.framework/Versions/A/CoreServices
0x00000001aba4c000 	/System/Library/PrivateFrameworks/PerformanceAnalysis.framework/Versions/A/PerformanceAnalysis
0x0000000205a23000 	/System/Library/Frameworks/OpenGL.framework/Versions/A/OpenGL
0x00000001ae653000 	/System/Library/PrivateFrameworks/MobileKeyBag.framework/Versions/A/MobileKeyBag
0x00000001aa0f2000 	/System/Library/Frameworks/ColorSync.framework/Versions/A/ColorSync
0x00000001a45b6000 	/System/Library/Frameworks/CoreFoundation.framework/Versions/A/CoreFoundation
0x00000001ad7f5000 	/System/Library/Frameworks/CoreImage.framework/Versions/A/CoreImage
0x00000001a5d6a000 	/System/Library/Frameworks/CoreText.framework/Versions/A/CoreText
0x00000001ad5a6000 	/System/Library/Frameworks/ImageIO.framework/Versions/A/ImageIO
0x00000001af0b9000 	/System/Library/PrivateFrameworks/SoftLinking.framework/Versions/A/SoftLinking
0x00000001abb0a000 	/usr/lib/libxml2.2.dylib
0x00000001af352000 	/usr/lib/libcompression.dylib
0x00000001b0d4b000 	/System/Library/PrivateFrameworks/TextureIO.framework/Versions/A/TextureIO
0x00000001afa7a000 	/usr/lib/libate.dylib
0x00000001af93f000 	/usr/lib/liblzma.5.dylib
0x00000001a51a5000 	/System/Library/Frameworks/SystemConfiguration.framework/Versions/A/SystemConfiguration
0x00000001af0b5000 	/usr/lib/libfakelink.dylib
0x00000001a91b7000 	/System/Library/Frameworks/CFNetwork.framework/Versions/A/CFNetwork
0x00000001af1fb000 	/usr/lib/libarchive.2.dylib
0x00000001adbd5000 	/System/Library/PrivateFrameworks/AppleSystemInfo.framework/Versions/A/AppleSystemInfo
0x00000001ae766000 	/usr/lib/libbsm.0.dylib
0x00000001a8728000 	/usr/lib/libnetwork.dylib
0x00000001af04f000 	/usr/lib/system/libkxld.dylib
0x00000001ae379000 	/System/Library/PrivateFrameworks/IOMobileFramebuffer.framework/Versions/A/IOMobileFramebuffer
0x000000022334f000 	/usr/lib/libCoreEntitlements.dylib
0x00000001aed8a000 	/System/Library/PrivateFrameworks/AppleFSCompression.framework/Versions/A/AppleFSCompression
0x00000001ae74e000 	/usr/lib/libcoretls.dylib
0x00000001af958000 	/usr/lib/libcoretls_cfhelpers.dylib
0x00000001af34d000 	/usr/lib/libpam.2.dylib
0x00000001aaa4b000 	/usr/lib/libsqlite3.dylib
0x00000001af9c1000 	/usr/lib/libxar.1.dylib
0x00000001aed9b000 	/usr/lib/libbz2.1.0.dylib
0x00000001af0ba000 	/usr/lib/libpcap.A.dylib
0x00000001aae2b000 	/usr/lib/libdns_services.dylib
0x00000001af320000 	/usr/lib/libapple_nghttp2.dylib
0x00000001af0f7000 	/usr/lib/libiconv.2.dylib
0x00000001af045000 	/usr/lib/libcharset.1.dylib
0x00000001aba88000 	/System/Library/Frameworks/CoreServices.framework/Versions/A/Frameworks/FSEvents.framework/Versions/A/FSEvents
0x00000001a6ca7000 	/System/Library/Frameworks/CoreServices.framework/Versions/A/Frameworks/CarbonCore.framework/Versions/A/CarbonCore
0x00000001ab06c000 	/System/Library/Frameworks/CoreServices.framework/Versions/A/Frameworks/Metadata.framework/Versions/A/Metadata
0x00000001aedae000 	/System/Library/Frameworks/CoreServices.framework/Versions/A/Frameworks/OSServices.framework/Versions/A/OSServices
0x00000001af281000 	/System/Library/Frameworks/CoreServices.framework/Versions/A/Frameworks/SearchKit.framework/Versions/A/SearchKit
0x00000001aadba000 	/System/Library/Frameworks/CoreServices.framework/Versions/A/Frameworks/AE.framework/Versions/A/AE
0x00000001a4afc000 	/System/Library/Frameworks/CoreServices.framework/Versions/A/Frameworks/LaunchServices.framework/Versions/A/LaunchServices
0x00000001af8e8000 	/System/Library/Frameworks/CoreServices.framework/Versions/A/Frameworks/DictionaryServices.framework/Versions/A/DictionaryServices
0x00000001aba95000 	/System/Library/Frameworks/CoreServices.framework/Versions/A/Frameworks/SharedFileList.framework/Versions/A/SharedFileList
0x00000001ae73e000 	/usr/lib/libCheckFix.dylib
0x00000001a96f4000 	/System/Library/PrivateFrameworks/TCC.framework/Versions/A/TCC
0x00000001adbdb000 	/System/Library/PrivateFrameworks/CoreNLP.framework/Versions/A/CoreNLP
0x00000001ab01a000 	/System/Library/PrivateFrameworks/MetadataUtilities.framework/Versions/A/MetadataUtilities
0x00000001a525e000 	/usr/lib/libmecabra.dylib
0x00000001ae777000 	/usr/lib/libmecab.dylib
0x00000001a522a000 	/usr/lib/libCRFSuite.dylib
0x00000001ae7d4000 	/usr/lib/libgermantok.dylib
0x00000001af2f9000 	/usr/lib/libThaiTokenizer.dylib
0x00000001ab114000 	/System/Library/Frameworks/Accelerate.framework/Versions/A/Frameworks/vImage.framework/Versions/A/vImage
0x00000001b54f1000 	/System/Library/Frameworks/Accelerate.framework/Versions/A/Frameworks/vecLib.framework/Versions/A/vecLib
0x00000001afa06000 	/System/Library/Frameworks/Accelerate.framework/Versions/A/Frameworks/vecLib.framework/Versions/A/libvMisc.dylib
0x00000001ae280000 	/System/Library/Frameworks/Accelerate.framework/Versions/A/Frameworks/vecLib.framework/Versions/A/libvDSP.dylib
0x00000001a4e85000 	/System/Library/Frameworks/Accelerate.framework/Versions/A/Frameworks/vecLib.framework/Versions/A/libBLAS.dylib
0x00000001af423000 	/System/Library/Frameworks/Accelerate.framework/Versions/A/Frameworks/vecLib.framework/Versions/A/libLAPACK.dylib
0x00000001ae7d7000 	/System/Library/Frameworks/Accelerate.framework/Versions/A/Frameworks/vecLib.framework/Versions/A/libLinearAlgebra.dylib
0x00000001af338000 	/System/Library/Frameworks/Accelerate.framework/Versions/A/Frameworks/vecLib.framework/Versions/A/libSparseBLAS.dylib
0x00000001af41e000 	/System/Library/Frameworks/Accelerate.framework/Versions/A/Frameworks/vecLib.framework/Versions/A/libQuadrature.dylib
0x00000001adcd4000 	/System/Library/Frameworks/Accelerate.framework/Versions/A/Frameworks/vecLib.framework/Versions/A/libBNNS.dylib
0x00000001a5143000 	/System/Library/Frameworks/Accelerate.framework/Versions/A/Frameworks/vecLib.framework/Versions/A/libSparse.dylib
0x00000001adccc000 	/System/Library/PrivateFrameworks/LinguisticData.framework/Versions/A/LinguisticData
0x00000001a50fb000 	/System/Library/PrivateFrameworks/Lexicon.framework/Versions/A/Lexicon
0x00000001af9fe000 	/usr/lib/libChineseTokenizer.dylib
0x00000001a58a2000 	/System/Library/PrivateFrameworks/LanguageModeling.framework/Versions/A/LanguageModeling
0x00000001af2fb000 	/System/Library/PrivateFrameworks/AppleSauce.framework/Versions/A/AppleSauce
0x00000001ae366000 	/System/Library/PrivateFrameworks/CoreEmoji.framework/Versions/A/CoreEmoji
0x00000001af1e9000 	/usr/lib/libcmph.dylib
0x00000001aba68000 	/System/Library/Frameworks/OpenDirectory.framework/Versions/A/Frameworks/CFOpenDirectory.framework/Versions/A/CFOpenDirectory
0x00000001aba58000 	/System/Library/Frameworks/OpenDirectory.framework/Versions/A/OpenDirectory
0x00000001af95a000 	/System/Library/PrivateFrameworks/APFS.framework/Versions/A/APFS
0x00000001ae68e000 	/System/Library/Frameworks/SecurityFoundation.framework/Versions/A/SecurityFoundation
0x00000001af9d0000 	/usr/lib/libutil.dylib
0x00000001a6fe0000 	/System/Library/PrivateFrameworks/CoreServicesStore.framework/Versions/A/CoreServicesStore
0x00000001af9d4000 	/usr/lib/libxslt.1.dylib
0x00000001ae722000 	/System/Library/PrivateFrameworks/BackgroundTaskManagement.framework/Versions/A/BackgroundTaskManagement
0x00000001b0c6c000 	/System/Library/Frameworks/ImageIO.framework/Versions/A/Resources/libRadiance.dylib
0x00000001b0c75000 	/System/Library/Frameworks/ImageIO.framework/Versions/A/Resources/libJPEG.dylib
0x00000001b0bc8000 	/System/Library/Frameworks/ImageIO.framework/Versions/A/Resources/libPng.dylib
0x00000001b0bea000 	/System/Library/Frameworks/ImageIO.framework/Versions/A/Resources/libTIFF.dylib
0x00000001b0cd0000 	/System/Library/Frameworks/ImageIO.framework/Versions/A/Resources/libGIF.dylib
0x00000001b0604000 	/System/Library/Frameworks/ImageIO.framework/Versions/A/Resources/libJP2.dylib
0x00000001afd26000 	/usr/lib/libexpat.1.dylib
0x00000001b05bf000 	/System/Library/PrivateFrameworks/AppleJPEG.framework/Versions/A/AppleJPEG
0x00000001ad0e1000 	/System/Library/PrivateFrameworks/FontServices.framework/libFontParser.dylib
0x00000001aad5f000 	/System/Library/PrivateFrameworks/RunningBoardServices.framework/Versions/A/RunningBoardServices
0x00000001bb5dd000 	/System/Library/PrivateFrameworks/IOSurfaceAccelerator.framework/Versions/A/IOSurfaceAccelerator
0x00000001b06f0000 	/System/Library/PrivateFrameworks/WatchdogClient.framework/Versions/A/WatchdogClient
0x00000001a59a6000 	/System/Library/Frameworks/CoreDisplay.framework/Versions/A/CoreDisplay
0x00000001acfcb000 	/System/Library/Frameworks/CoreMedia.framework/Versions/A/CoreMedia
0x00000001ace58000 	/System/Library/PrivateFrameworks/IOAccelerator.framework/Versions/A/IOAccelerator
0x00000001abbf8000 	/System/Library/Frameworks/CoreVideo.framework/Versions/A/CoreVideo
0x00000001af34b000 	/System/Library/Frameworks/MetalPerformanceShaders.framework/Versions/A/MetalPerformanceShaders
0x00000001b072f000 	/System/Library/Frameworks/VideoToolbox.framework/Versions/A/VideoToolbox
0x00000001aaca3000 	/System/Library/PrivateFrameworks/BaseBoard.framework/Versions/A/BaseBoard
0x00000001aaa31000 	/System/Library/PrivateFrameworks/ProtocolBuffer.framework/Versions/A/ProtocolBuffer
0x00000001b0c67000 	/System/Library/PrivateFrameworks/GPUWrangler.framework/Versions/A/GPUWrangler
0x00000001b0c47000 	/System/Library/PrivateFrameworks/IOPresentment.framework/Versions/A/IOPresentment
0x00000001b0c6f000 	/System/Library/PrivateFrameworks/DSExternalDisplay.framework/Versions/A/DSExternalDisplay
0x0000000205a16000 	/System/Library/Frameworks/OpenGL.framework/Versions/A/Libraries/libCoreFSCache.dylib
0x000000020fed5000 	/System/Library/PrivateFrameworks/GPUCompiler.framework/Versions/31001/Libraries/libGPUCompilerUtils.dylib
0x00000001b0cd5000 	/System/Library/PrivateFrameworks/CMCaptureCore.framework/Versions/A/CMCaptureCore
0x00000001b02d7000 	/System/Library/PrivateFrameworks/AppServerSupport.framework/Versions/A/AppServerSupport
0x00000001b2558000 	/System/Library/PrivateFrameworks/perfdata.framework/Versions/A/perfdata
0x00000001a5ac6000 	/System/Library/PrivateFrameworks/AudioToolboxCore.framework/Versions/A/AudioToolboxCore
0x00000001acfa4000 	/System/Library/PrivateFrameworks/caulk.framework/Versions/A/caulk
0x00000001b1e4d000 	/usr/lib/libAudioStatistics.dylib
0x00000001c3da2000 	/System/Library/PrivateFrameworks/SystemPolicy.framework/Versions/A/SystemPolicy
0x00000001b20b9000 	/usr/lib/libSMC.dylib
0x00000001badec000 	/System/Library/Frameworks/CoreMIDI.framework/Versions/A/CoreMIDI
0x00000001b0b96000 	/usr/lib/libAudioToolboxUtility.dylib
0x00000001bfe6f000 	/System/Library/PrivateFrameworks/OSAServicesClient.framework/Versions/A/OSAServicesClient
0x00000001b2565000 	/usr/lib/libperfcheck.dylib
0x00000001c48ba000 	/usr/lib/libmis.dylib
0x0000000205a78000 	/System/Library/Frameworks/OpenGL.framework/Versions/A/Libraries/libGLU.dylib
0x0000000205a37000 	/System/Library/Frameworks/OpenGL.framework/Versions/A/Libraries/libGFXShared.dylib
0x0000000205c24000 	/System/Library/Frameworks/OpenGL.framework/Versions/A/Libraries/libGL.dylib
0x0000000205a40000 	/System/Library/Frameworks/OpenGL.framework/Versions/A/Libraries/libGLImage.dylib
0x0000000205a34000 	/System/Library/Frameworks/OpenGL.framework/Versions/A/Libraries/libCVMSPluginSupport.dylib
0x0000000205a1d000 	/System/Library/Frameworks/OpenGL.framework/Versions/A/Libraries/libCoreVMClient.dylib
0x00000001adb55000 	/System/Library/Frameworks/MetalPerformanceShaders.framework/Versions/A/Frameworks/MPSCore.framework/Versions/A/MPSCore
0x00000001aecfd000 	/System/Library/Frameworks/MetalPerformanceShaders.framework/Versions/A/Frameworks/MPSImage.framework/Versions/A/MPSImage
0x00000001ae7ec000 	/System/Library/Frameworks/MetalPerformanceShaders.framework/Versions/A/Frameworks/MPSNeuralNetwork.framework/Versions/A/MPSNeuralNetwork
0x00000001aec25000 	/System/Library/Frameworks/MetalPerformanceShaders.framework/Versions/A/Frameworks/MPSMatrix.framework/Versions/A/MPSMatrix
0x00000001ae9fe000 	/System/Library/Frameworks/MetalPerformanceShaders.framework/Versions/A/Frameworks/MPSRayIntersector.framework/Versions/A/MPSRayIntersector
0x00000001aec56000 	/System/Library/Frameworks/MetalPerformanceShaders.framework/Versions/A/Frameworks/MPSNDArray.framework/Versions/A/MPSNDArray
0x0000000207b8f000 	/System/Library/Frameworks/MetalPerformanceShaders.framework/Versions/A/Frameworks/MPSFunctions.framework/Versions/A/MPSFunctions
0x00000001a4d5c000 	/System/Library/PrivateFrameworks/MetalTools.framework/Versions/A/MetalTools
0x00000001adbd3000 	/System/Library/PrivateFrameworks/AggregateDictionary.framework/Versions/A/AggregateDictionary
0x00000001afb0b000 	/usr/lib/libIOReport.dylib
0x00000001b9e0a000 	/System/Library/PrivateFrameworks/ASEProcessing.framework/Versions/A/ASEProcessing
0x00000001afe80000 	/System/Library/PrivateFrameworks/FaceCore.framework/Versions/A/FaceCore
0x00000001afe72000 	/System/Library/PrivateFrameworks/GraphVisualizer.framework/Versions/A/GraphVisualizer
0x000000020fdec000 	/System/Library/PrivateFrameworks/FontServices.framework/Versions/A/FontServices
0x00000001b0293000 	/System/Library/PrivateFrameworks/OTSVG.framework/Versions/A/OTSVG
0x00000001ab7c2000 	/System/Library/Frameworks/ApplicationServices.framework/Versions/A/Frameworks/ATS.framework/Versions/A/Resources/libFontRegistry.dylib
0x00000001b02e0000 	/System/Library/PrivateFrameworks/FontServices.framework/libhvf.dylib
0x000000020fded000 	/System/Library/PrivateFrameworks/FontServices.framework/libXTFontStaticRegistryData.dylib
0x0000000205dc5000 	/System/Library/Frameworks/OpenCL.framework/Versions/A/OpenCL
0x00000001afcda000 	/System/Library/PrivateFrameworks/AppleVA.framework/Versions/A/AppleVA
0x00000001b1e75000 	/System/Library/Frameworks/ApplicationServices.framework/Versions/A/Frameworks/ATS.framework/Versions/A/ATS
0x00000001aa1ef000 	/System/Library/Frameworks/ApplicationServices.framework/Versions/A/Frameworks/HIServices.framework/Versions/A/HIServices
0x00000001b0cdf000 	/System/Library/Frameworks/ApplicationServices.framework/Versions/A/Frameworks/PrintCore.framework/Versions/A/PrintCore
0x00000001b220c000 	/System/Library/Frameworks/ApplicationServices.framework/Versions/A/Frameworks/QD.framework/Versions/A/QD
0x00000001b2204000 	/System/Library/Frameworks/ApplicationServices.framework/Versions/A/Frameworks/ColorSyncLegacy.framework/Versions/A/ColorSyncLegacy
0x00000001b1e61000 	/System/Library/Frameworks/ApplicationServices.framework/Versions/A/Frameworks/SpeechSynthesis.framework/Versions/A/SpeechSynthesis
0x00000001b0ca0000 	/System/Library/Frameworks/ApplicationServices.framework/Versions/A/Frameworks/ATSUI.framework/Versions/A/ATSUI
0x00000001b2199000 	/usr/lib/libcups.2.dylib
0x00000001b2573000 	/System/Library/Frameworks/Kerberos.framework/Versions/A/Kerberos
0x00000001b2584000 	/System/Library/Frameworks/GSS.framework/Versions/A/GSS
0x00000001b1ee5000 	/usr/lib/libresolv.9.dylib
0x00000001b02ef000 	/System/Library/PrivateFrameworks/Heimdal.framework/Versions/A/Heimdal
0x00000001b903f000 	/System/Library/Frameworks/Kerberos.framework/Versions/A/Libraries/libHeimdalProxy.dylib
0x00000001aae3d000 	/System/Library/Frameworks/Network.framework/Versions/A/Network
0x00000001afd41000 	/usr/lib/libheimdal-asn1.dylib
0x00000001b25d4000 	/System/Library/PrivateFrameworks/CommonAuth.framework/Versions/A/CommonAuth
0x00000001b1ddb000 	/System/Library/PrivateFrameworks/AudioSession.framework/Versions/A/AudioSession
0x00000001afdd3000 	/System/Library/PrivateFrameworks/MediaExperience.framework/Versions/A/MediaExperience
0x00000001b1c61000 	/System/Library/PrivateFrameworks/AudioSession.framework/libSessionUtility.dylib
0x00000001b2218000 	/System/Library/PrivateFrameworks/AudioResourceArbitration.framework/Versions/A/AudioResourceArbitration
0x00000001b63ce000 	/System/Library/PrivateFrameworks/PowerLog.framework/Versions/A/PowerLog
0x00000001afd4b000 	/System/Library/PrivateFrameworks/IconFoundation.framework/Versions/A/IconFoundation
0x00000001b5117000 	/System/Library/PrivateFrameworks/SpeechRecognitionCore.framework/Versions/A/SpeechRecognitionCore
0x0000000103f4c000 	/Users/agostinho/Library/Java/JavaVirtualMachines/azul-15.0.6/Contents/Home/lib/server/libjvm.dylib
0x0000000102edc000 	/Users/agostinho/Library/Java/JavaVirtualMachines/azul-15.0.6/Contents/Home/lib/libjimage.dylib
0x0000000102f38000 	/Users/agostinho/Library/Java/JavaVirtualMachines/azul-15.0.6/Contents/Home/lib/libjdwp.dylib
0x0000000102f80000 	/Users/agostinho/Library/Java/JavaVirtualMachines/azul-15.0.6/Contents/Home/lib/libjava.dylib
0x0000000102f08000 	/Users/agostinho/Library/Java/JavaVirtualMachines/azul-15.0.6/Contents/Home/lib/libinstrument.dylib
0x0000000102f20000 	/Users/agostinho/Library/Java/JavaVirtualMachines/azul-15.0.6/Contents/Home/lib/libzip.dylib
0x000000010307c000 	/Users/agostinho/Library/Java/JavaVirtualMachines/azul-15.0.6/Contents/Home/lib/libdt_socket.dylib
0x0000000121b68000 	/Users/agostinho/Library/Java/JavaVirtualMachines/azul-15.0.6/Contents/Home/lib/libnio.dylib
0x0000000121bac000 	/Users/agostinho/Library/Java/JavaVirtualMachines/azul-15.0.6/Contents/Home/lib/libnet.dylib
0x0000000121b48000 	/Users/agostinho/Library/Java/JavaVirtualMachines/azul-15.0.6/Contents/Home/lib/libverify.dylib
0x0000000103090000 	/Users/agostinho/Library/Java/JavaVirtualMachines/azul-15.0.6/Contents/Home/lib/libmanagement.dylib
0x0000000103f30000 	/Users/agostinho/Library/Java/JavaVirtualMachines/azul-15.0.6/Contents/Home/lib/libmanagement_ext.dylib


VM Arguments:
jvm_args: -agentlib:jdwp=transport=dt_socket,address=127.0.0.1:57892,suspend=y,server=n -javaagent:/Users/agostinho/Library/Caches/JetBrains/IdeaIE2021.3/captureAgent/debugger-agent.jar -Dfile.encoding=UTF-8 
java_command: br.com.desafioDock.DesafioDockApplication
java_class_path (initial): /Users/agostinho/Documents/desafioDock/target/classes:/Users/agostinho/.m2/repository/org/springframework/boot/spring-boot-starter-data-jpa/2.6.7/spring-boot-starter-data-jpa-2.6.7.jar:/Users/agostinho/.m2/repository/org/springframework/boot/spring-boot-starter-aop/2.6.7/spring-boot-starter-aop-2.6.7.jar:/Users/agostinho/.m2/repository/org/springframework/spring-aop/5.3.19/spring-aop-5.3.19.jar:/Users/agostinho/.m2/repository/org/aspectj/aspectjweaver/1.9.7/aspectjweaver-1.9.7.jar:/Users/agostinho/.m2/repository/org/springframework/boot/spring-boot-starter-jdbc/2.6.7/spring-boot-starter-jdbc-2.6.7.jar:/Users/agostinho/.m2/repository/com/zaxxer/HikariCP/4.0.3/HikariCP-4.0.3.jar:/Users/agostinho/.m2/repository/org/springframework/spring-jdbc/5.3.19/spring-jdbc-5.3.19.jar:/Users/agostinho/.m2/repository/jakarta/transaction/jakarta.transaction-api/1.3.3/jakarta.transaction-api-1.3.3.jar:/Users/agostinho/.m2/repository/jakarta/persistence/jakarta.persistence-api/2.2.3/jakarta.persistence-api-2.2.3.jar:/Users/agostinho/.m2/repository/org/hibernate/hibernate-core/5.6.8.Final/hibernate-core-5.6.8.Final.jar:/Users/agostinho/.m2/repository/org/jboss/logging/jboss-logging/3.4.3.Final/jboss-logging-3.4.3.Final.jar:/Users/agostinho/.m2/repository/net/bytebuddy/byte-buddy/1.11.22/byte-buddy-1.11.22.jar:/Users/agostinho/.m2/repository/antlr/antlr/2.7.7/antlr-2.7.7.jar:/Users/agostinho/.m2/repository/org/jboss/jandex/2.4.2.Final/jandex-2.4.2.Final.jar:/Users/agostinho/.m2/repository/com/fasterxml/classmate/1.5.1/classmate-1.5.1.jar:/Users/agostinho/.m2/repository/org/hibernate/common/hibernate-commons-annotations/5.1.2.Final/hibernate-commons-annotations-5.1.2.Final.jar:/Users/agostinho/.m2/repository/org/glassfish/jaxb/jaxb-runtime/2.3.6/jaxb-runtime-2.3.6.jar:/Users/agostinho/.m2/repository/org/glassfish/jaxb/txw2/2.3.6/txw2-2.3.6.jar:/Users/agostinho/.m2/repository/com/sun/istack/istack-commons-runtime/3.0.12/istack-commons-runtime-3.0.12.jar:/Users/
Launcher Type: SUN_STANDARD

[Global flags]
     intx CICompilerCount                          = 4                                         {product} {ergonomic}
     uint ConcGCThreads                            = 2                                         {product} {ergonomic}
     uint G1ConcRefinementThreads                  = 8                                         {product} {ergonomic}
   size_t G1HeapRegionSize                         = 1048576                                   {product} {ergonomic}
    uintx GCDrainStackTargetSize                   = 64                                        {product} {ergonomic}
   size_t InitialHeapSize                          = 134217728                                 {product} {ergonomic}
   size_t MarkStackSize                            = 4194304                                   {product} {ergonomic}
   size_t MaxHeapSize                              = 2147483648                                {product} {ergonomic}
   size_t MaxNewSize                               = 1287651328                                {product} {ergonomic}
   size_t MinHeapDeltaBytes                        = 1048576                                   {product} {ergonomic}
   size_t MinHeapSize                              = 8388608                                   {product} {ergonomic}
    uintx NonNMethodCodeHeapSize                   = 5839564                                {pd product} {ergonomic}
    uintx NonProfiledCodeHeapSize                  = 122909338                              {pd product} {ergonomic}
    uintx ProfiledCodeHeapSize                     = 122909338                              {pd product} {ergonomic}
    uintx ReservedCodeCacheSize                    = 251658240                              {pd product} {ergonomic}
     bool SegmentedCodeCache                       = true                                      {product} {ergonomic}
   size_t SoftMaxHeapSize                          = 2147483648                             {manageable} {ergonomic}
     bool UseCompressedClassPointers               = true                                 {lp64_product} {ergonomic}
     bool UseCompressedOops                        = true                                 {lp64_product} {ergonomic}
     bool UseG1GC                                  = true                                      {product} {ergonomic}
     bool UseNUMA                                  = false                                     {product} {ergonomic}
     bool UseNUMAInterleaving                      = false                                     {product} {ergonomic}

Logging:
Log output configuration:
 #0: stdout all=warning uptime,level,tags
 #1: stderr all=off uptime,level,tags

Environment Variables:
PATH=/opt/homebrew/bin:/opt/homebrew/sbin:/usr/local/bin:/usr/bin:/bin:/usr/sbin:/sbin
SHELL=/bin/zsh
LC_CTYPE=en_US.UTF-8

Signal Handlers:
SIGSEGV: [libjvm.dylib+0x921d4c], sa_mask[0]=11111111011111110111111111111111, sa_flags=SA_ONSTACK|SA_RESTART|SA_SIGINFO
SIGBUS: [libjvm.dylib+0x921d4c], sa_mask[0]=11111111011111110111111111111111, sa_flags=SA_RESTART|SA_SIGINFO
SIGFPE: [libjvm.dylib+0x921d4c], sa_mask[0]=11111111011111110111111111111111, sa_flags=SA_RESTART|SA_SIGINFO
SIGPIPE: [libjvm.dylib+0x713244], sa_mask[0]=11111111011111110111111111111111, sa_flags=SA_RESTART|SA_SIGINFO
SIGXFSZ: [libjvm.dylib+0x713244], sa_mask[0]=11111111011111110111111111111111, sa_flags=SA_RESTART|SA_SIGINFO
SIGILL: [libjvm.dylib+0x921d4c], sa_mask[0]=11111111011111110111111111111111, sa_flags=SA_RESTART|SA_SIGINFO
SIGUSR2: [libjvm.dylib+0x713c78], sa_mask[0]=00100000000000000000000000000000, sa_flags=SA_RESTART|SA_SIGINFO
SIGHUP: [libjvm.dylib+0x7122bc], sa_mask[0]=11111111011111110111111111111111, sa_flags=SA_RESTART|SA_SIGINFO
SIGINT: [libjvm.dylib+0x7122bc], sa_mask[0]=11111111011111110111111111111111, sa_flags=SA_RESTART|SA_SIGINFO
SIGTERM: [libjvm.dylib+0x7122bc], sa_mask[0]=11111111011111110111111111111111, sa_flags=SA_RESTART|SA_SIGINFO
SIGQUIT: [libjvm.dylib+0x7122bc], sa_mask[0]=11111111011111110111111111111111, sa_flags=SA_RESTART|SA_SIGINFO


---------------  S Y S T E M  ---------------

OS:uname: Darwin 21.4.0 Darwin Kernel Version 21.4.0: Fri Mar 18 00:47:26 PDT 2022; root:xnu-8020.101.4~15/RELEASE_ARM64_T8101 arm64
OS uptime: 33 days 11:40 hours
rlimit (soft/hard): STACK 8176k/65520k , CORE 0k/infinity , NPROC 1333/2000 , NOFILE 10240/infinity , AS infinity/infinity , CPU infinity/infinity , DATA infinity/infinity , FSIZE infinity/infinity , MEMLOCK infinity/infinity , RSS infinity/infinity
load average: 2.96 2.90 2.81

CPU: total 8 (initial active 8) 0x61:0x0:0x1b588bb3:0, simd, crc, lse

Memory: 16k page, physical 8388608k(140320k free), swap 4194304k(1158912k free)

vm_info: OpenJDK 64-Bit Server VM (15.0.6+5-MTS) for bsd-aarch64 JRE (15.0.6+5-MTS) (Zulu15.38+17-CA), built on Dec 28 2021 00:38:12 by "zulu_re" with clang Apple LLVM 12.0.0 (clang-1200.0.32.28)

END.
